Using pre-set license
Built from '2021.2/staging' branch; Version is '2021.2.9f1 (921b45a28ab6) revision 9575237'; Using compiler version '192829333'; Build Type 'Release'
OS: 'Windows 11  (10.0.22000) 64bit Core' Language: 'en' Physical Memory: 16263 MB
BatchMode: 1, IsHumanControllingUs: 0, StartBugReporterOnCrash: 0, Is64bit: 1, IsPro: 0

COMMAND LINE ARGUMENTS:
C:\Program Files\Unity\Hub\Editor\2021.2.9f1\Editor\Unity.exe
-adb2
-batchMode
-noUpm
-name
AssetImportWorker1
-projectPath
C:/Users/joshu/Documents/Unity_Projects/Overwatch_Mechanics
-logFile
Logs/AssetImportWorker1.log
-srvPort
51854
Successfully changed project path to: C:/Users/joshu/Documents/Unity_Projects/Overwatch_Mechanics
C:/Users/joshu/Documents/Unity_Projects/Overwatch_Mechanics
[UnityMemory] Configuration Parameters - Can be set up in boot.config
    "memorysetup-bucket-allocator-granularity=16"
    "memorysetup-bucket-allocator-bucket-count=8"
    "memorysetup-bucket-allocator-block-size=33554432"
    "memorysetup-bucket-allocator-block-count=8"
    "memorysetup-main-allocator-block-size=16777216"
    "memorysetup-thread-allocator-block-size=16777216"
    "memorysetup-gfx-main-allocator-block-size=16777216"
    "memorysetup-gfx-thread-allocator-block-size=16777216"
    "memorysetup-cache-allocator-block-size=4194304"
    "memorysetup-typetree-allocator-block-size=2097152"
    "memorysetup-profiler-bucket-allocator-granularity=16"
    "memorysetup-profiler-bucket-allocator-bucket-count=8"
    "memorysetup-profiler-bucket-allocator-block-size=33554432"
    "memorysetup-profiler-bucket-allocator-block-count=8"
    "memorysetup-profiler-allocator-block-size=16777216"
    "memorysetup-profiler-editor-allocator-block-size=1048576"
    "memorysetup-temp-allocator-size-main=16777216"
    "memorysetup-job-temp-allocator-block-size=2097152"
    "memorysetup-job-temp-allocator-block-size-background=1048576"
    "memorysetup-job-temp-allocator-reduction-small-platforms=262144"
    "memorysetup-temp-allocator-size-background-worker=32768"
    "memorysetup-temp-allocator-size-job-worker=262144"
    "memorysetup-temp-allocator-size-preload-manager=33554432"
    "memorysetup-temp-allocator-size-nav-mesh-worker=65536"
    "memorysetup-temp-allocator-size-audio-worker=65536"
    "memorysetup-temp-allocator-size-cloud-worker=32768"
    "memorysetup-temp-allocator-size-gi-baking-worker=262144"
    "memorysetup-temp-allocator-size-gfx=262144"
Refreshing native plugins compatible for Editor in 88.76 ms, found 2 plugins.
Preloading 0 native plugins for Editor in 0.00 ms.
Initialize engine version: 2021.2.9f1 (921b45a28ab6)
[Subsystems] Discovering subsystems at path C:/Program Files/Unity/Hub/Editor/2021.2.9f1/Editor/Data/Resources/UnitySubsystems
[Subsystems] Discovering subsystems at path C:/Users/joshu/Documents/Unity_Projects/Overwatch_Mechanics/Assets
GfxDevice: creating device client; threaded=0; jobified=0
Direct3D:
    Version:  Direct3D 11.0 [level 11.1]
    Renderer: NVIDIA GeForce MX150 (ID=0x1d10)
    Vendor:   NVIDIA
    VRAM:     1983 MB
    Driver:   27.21.14.6089
Initialize mono
Mono path[0] = 'C:/Program Files/Unity/Hub/Editor/2021.2.9f1/Editor/Data/Managed'
Mono path[1] = 'C:/Program Files/Unity/Hub/Editor/2021.2.9f1/Editor/Data/MonoBleedingEdge/lib/mono/unityjit-win32'
Mono config path = 'C:/Program Files/Unity/Hub/Editor/2021.2.9f1/Editor/Data/MonoBleedingEdge/etc'
Using monoOptions --debugger-agent=transport=dt_socket,embedding=1,server=y,suspend=n,address=127.0.0.1:56092
Begin MonoManager ReloadAssembly
Registering precompiled unity dll's ...
Register platform support module: C:/Program Files/Unity/Hub/Editor/2021.2.9f1/Editor/Data/PlaybackEngines/WindowsStandaloneSupport/UnityEditor.WindowsStandalone.Extensions.dll
Registered in 0.007625 seconds.
Native extension for WindowsStandalone target not found
Refreshing native plugins compatible for Editor in 85.43 ms, found 2 plugins.
Preloading 0 native plugins for Editor in 0.00 ms.
Mono: successfully reloaded assembly
- Completed reload, in  0.788 seconds
Domain Reload Profiling:
	ReloadAssembly (789ms)
		BeginReloadAssembly (107ms)
			ExecutionOrderSort (0ms)
			DisableScriptedObjects (0ms)
			BackupInstance (0ms)
			ReleaseScriptingObjects (0ms)
			CreateAndSetChildDomain (1ms)
		EndReloadAssembly (582ms)
			LoadAssemblies (102ms)
			RebuildTransferFunctionScriptingTraits (0ms)
			SetupTypeCache (124ms)
			ReleaseScriptCaches (0ms)
			RebuildScriptCaches (60ms)
			SetupLoadedEditorAssemblies (334ms)
				LogAssemblyErrors (0ms)
				InitializePlatformSupportModulesInManaged (23ms)
				SetLoadedEditorAssemblies (0ms)
				RefreshPlugins (86ms)
				BeforeProcessingInitializeOnLoad (1ms)
				ProcessInitializeOnLoadAttributes (168ms)
				ProcessInitializeOnLoadMethodAttributes (55ms)
				AfterProcessingInitializeOnLoad (0ms)
				EditorAssembliesLoaded (0ms)
			ExecutionOrderSort2 (0ms)
			AwakeInstancesAfterBackupRestoration (0ms)
Platform modules already initialized, skipping
Registering precompiled user dll's ...
Registered in 0.013428 seconds.
Begin MonoManager ReloadAssembly
Native extension for WindowsStandalone target not found
Refreshing native plugins compatible for Editor in 69.96 ms, found 2 plugins.
Preloading 0 native plugins for Editor in 0.00 ms.
Mono: successfully reloaded assembly
- Completed reload, in  2.147 seconds
Domain Reload Profiling:
	ReloadAssembly (2148ms)
		BeginReloadAssembly (166ms)
			ExecutionOrderSort (0ms)
			DisableScriptedObjects (6ms)
			BackupInstance (0ms)
			ReleaseScriptingObjects (0ms)
			CreateAndSetChildDomain (23ms)
		EndReloadAssembly (1855ms)
			LoadAssemblies (100ms)
			RebuildTransferFunctionScriptingTraits (0ms)
			SetupTypeCache (297ms)
			ReleaseScriptCaches (1ms)
			RebuildScriptCaches (66ms)
			SetupLoadedEditorAssemblies (1339ms)
				LogAssemblyErrors (0ms)
				InitializePlatformSupportModulesInManaged (13ms)
				SetLoadedEditorAssemblies (0ms)
				RefreshPlugins (70ms)
				BeforeProcessingInitializeOnLoad (103ms)
				ProcessInitializeOnLoadAttributes (1050ms)
				ProcessInitializeOnLoadMethodAttributes (90ms)
				AfterProcessingInitializeOnLoad (12ms)
				EditorAssembliesLoaded (0ms)
			ExecutionOrderSort2 (0ms)
			AwakeInstancesAfterBackupRestoration (7ms)
Platform modules already initialized, skipping
========================================================================
Worker process is ready to serve import requests
Launched and connected shader compiler UnityShaderCompiler.exe after 0.09 seconds
Refreshing native plugins compatible for Editor in 0.79 ms, found 2 plugins.
Preloading 0 native plugins for Editor in 0.00 ms.
Unloading 3807 Unused Serialized files (Serialized files now loaded: 0)
Unloading 46 unused Assets / (0.8 MB). Loaded Objects now: 4269.
Memory consumption went from 172.2 MB to 171.5 MB.
Total: 9.064400 ms (FindLiveObjects: 0.453100 ms CreateObjectMapping: 0.398300 ms MarkObjects: 7.365000 ms  DeleteObjects: 0.845700 ms)

AssetImportParameters requested are different than current active one (requested -> active):
  custom:video-decoder-ogg-theora: a1e56fd34408186e4bbccfd4996cb3dc -> 
  custom:container-muxer-webm: aa71ff27fc2769a1b78a27578f13a17b -> 
  custom:container-demuxer-webm: 4f35f7cbe854078d1ac9338744f61a02 -> 
  custom:video-encoder-webm-vp8: eb34c28f22e8b96e1ab97ce403110664 -> 
  custom:video-codec-MediaFoundation-h265: 746d11721c4dcdbdad8f713fa42b33f4 -> 
  custom:audio-encoder-webm-vorbis: bf7c407c2cedff20999df2af8eb42d56 -> 
  custom:framework-win-MediaFoundation: 216162199b28c13a410421893ffa2e32 -> 
  custom:container-demuxer-ogg: 62fdf1f143b41e24485cea50d1cbac27 -> 
  custom:video-decoder-webm-vp8: 9c59270c3fd7afecdb556c50c9e8de78 -> 
  custom:audio-decoder-ogg-vorbis: bf7c407c2cedff20999df2af8eb42d56 -> 
========================================================================
Received Import Request.
  Time since last request: 1443.441660 seconds.
  path: Assets/_Project/Junkrat/P_Junkrat.prefab
  artifactKey: Guid(4c1482042bd9612409460e124583f380) Importer(815301076,1909f56bfc062723c751e8b465ee728b)
Start importing Assets/_Project/Junkrat/P_Junkrat.prefab using Guid(4c1482042bd9612409460e124583f380) Importer(815301076,1909f56bfc062723c751e8b465ee728b)  -> (artifact id: '054fd3ce3cb00b5b0cfbcef9689f3196') in 0.333325 seconds 
========================================================================
Received Import Request.
  Time since last request: 0.000034 seconds.
  path: Assets/_Project/Junkrat/MainCamera_Junkrat.prefab
  artifactKey: Guid(a8e13dfc7d6b60e4ba6e3de7d19d85ff) Importer(815301076,1909f56bfc062723c751e8b465ee728b)
Start importing Assets/_Project/Junkrat/MainCamera_Junkrat.prefab using Guid(a8e13dfc7d6b60e4ba6e3de7d19d85ff) Importer(815301076,1909f56bfc062723c751e8b465ee728b)  -> (artifact id: '9d025ec9afe193176edd696fc32fe088') in 0.016046 seconds 
========================================================================
Received Import Request.
  Time since last request: 0.000034 seconds.
  path: Assets/_Project/Junkrat/Junkrat_Mine.prefab
  artifactKey: Guid(7c44d085dbd56cf4aa8fd2e7c81cb4a1) Importer(815301076,1909f56bfc062723c751e8b465ee728b)
Start importing Assets/_Project/Junkrat/Junkrat_Mine.prefab using Guid(7c44d085dbd56cf4aa8fd2e7c81cb4a1) Importer(815301076,1909f56bfc062723c751e8b465ee728b)  -> (artifact id: 'daf2ffb6d1168f0554044a072a421420') in 0.012310 seconds 
========================================================================
Received Import Request.
  Time since last request: 0.000035 seconds.
  path: Assets/_Project/Junkrat/GrenadeLauncher_LOW_triangulated.prefab
  artifactKey: Guid(9374cf02fb62be744a3fd08ae5a012d0) Importer(815301076,1909f56bfc062723c751e8b465ee728b)
Start importing Assets/_Project/Junkrat/GrenadeLauncher_LOW_triangulated.prefab using Guid(9374cf02fb62be744a3fd08ae5a012d0) Importer(815301076,1909f56bfc062723c751e8b465ee728b)  -> (artifact id: 'b13c01305491c9167515b92768df6dfa') in 0.011948 seconds 
========================================================================
Received Import Request.
  Time since last request: 101.421920 seconds.
  path: Assets/_Project/Models/Junkrat/Textures/Mine/mine_low1_lambert3_Emissive.png
  artifactKey: Guid(9becafa4c8741864e8c5be60674f6b4f) Importer(815301076,1909f56bfc062723c751e8b465ee728b)
Start importing Assets/_Project/Models/Junkrat/Textures/Mine/mine_low1_lambert3_Emissive.png using Guid(9becafa4c8741864e8c5be60674f6b4f) Importer(815301076,1909f56bfc062723c751e8b465ee728b)  -> (artifact id: 'dde242b2dd8867f1ee46c7061fc8f5d1') in 0.124455 seconds 
========================================================================
Received Import Request.
  Time since last request: 0.000029 seconds.
  path: Assets/_Project/Models/Junkrat/Textures/Mine/mine_low1_lambert3_Metallic.png
  artifactKey: Guid(5b33935e9c267a342a0b63086f4565a8) Importer(815301076,1909f56bfc062723c751e8b465ee728b)
Start importing Assets/_Project/Models/Junkrat/Textures/Mine/mine_low1_lambert3_Metallic.png using Guid(5b33935e9c267a342a0b63086f4565a8) Importer(815301076,1909f56bfc062723c751e8b465ee728b)  -> (artifact id: '08d0cc2a49c011b2794218721a40f10f') in 0.026469 seconds 
========================================================================
Received Import Request.
  Time since last request: 312.406162 seconds.
  path: Assets/_Project/Junkrat/Materials/M_Junkrat_GrenadeLauncher.mat
  artifactKey: Guid(2dedc98ea5c6b6246920ece2692e1936) Importer(815301076,1909f56bfc062723c751e8b465ee728b)
Start importing Assets/_Project/Junkrat/Materials/M_Junkrat_GrenadeLauncher.mat using Guid(2dedc98ea5c6b6246920ece2692e1936) Importer(815301076,1909f56bfc062723c751e8b465ee728b)  -> (artifact id: 'd9b90a620128b6c8519d5e9d9a98d3be') in 0.066861 seconds 
========================================================================
Received Import Request.
  Time since last request: 8.056415 seconds.
  path: Assets/StarterAssets/Environment/Art/Textures/Grid_01_Emissive.png
  artifactKey: Guid(d4d6919451fe3e24388816386a6d15a4) Importer(815301076,1909f56bfc062723c751e8b465ee728b)
Start importing Assets/StarterAssets/Environment/Art/Textures/Grid_01_Emissive.png using Guid(d4d6919451fe3e24388816386a6d15a4) Importer(815301076,1909f56bfc062723c751e8b465ee728b)  -> (artifact id: '870c458228b064fb5e7cc502e13d119c') in 0.020639 seconds 
========================================================================
Received Import Request.
  Time since last request: 0.000102 seconds.
  path: Assets/PolygonParticleFX/Materials/PolygonParticleFX_Leave.png
  artifactKey: Guid(da01a20cc90345948b6eaae7ec14bf1a) Importer(815301076,1909f56bfc062723c751e8b465ee728b)
Start importing Assets/PolygonParticleFX/Materials/PolygonParticleFX_Leave.png using Guid(da01a20cc90345948b6eaae7ec14bf1a) Importer(815301076,1909f56bfc062723c751e8b465ee728b)  -> (artifact id: '4a97efc1c1e3fc5d52e06e0119fc12b7') in 0.026886 seconds 
========================================================================
Received Import Request.
  Time since last request: 0.000033 seconds.
  path: Assets/StarterAssets/Environment/Art/Textures/Grid_01_Normal.png
  artifactKey: Guid(c5c221ed57a3bf6488f8eba0db28a004) Importer(815301076,1909f56bfc062723c751e8b465ee728b)
Start importing Assets/StarterAssets/Environment/Art/Textures/Grid_01_Normal.png using Guid(c5c221ed57a3bf6488f8eba0db28a004) Importer(815301076,1909f56bfc062723c751e8b465ee728b)  -> (artifact id: '1712ff80552b49cf1997a3594bed358b') in 0.034984 seconds 
========================================================================
Received Import Request.
  Time since last request: 18.786624 seconds.
  path: Assets/PolygonParticleFX/Textures/PolygonParticles_Fumes_02.png
  artifactKey: Guid(35fe97dffff1d60489cad17aa767c885) Importer(815301076,1909f56bfc062723c751e8b465ee728b)
Start importing Assets/PolygonParticleFX/Textures/PolygonParticles_Fumes_02.png using Guid(35fe97dffff1d60489cad17aa767c885) Importer(815301076,1909f56bfc062723c751e8b465ee728b)  -> (artifact id: '27a842ed182e61952c3f58b0d2fd21d5') in 0.021494 seconds 
========================================================================
Received Prepare
Registering precompiled user dll's ...
Registered in 0.021064 seconds.
Begin MonoManager ReloadAssembly
Native extension for WindowsStandalone target not found
Refreshing native plugins compatible for Editor in 1.93 ms, found 2 plugins.
Preloading 0 native plugins for Editor in 0.00 ms.
Mono: successfully reloaded assembly
- Completed reload, in  2.427 seconds
Domain Reload Profiling:
	ReloadAssembly (2428ms)
		BeginReloadAssembly (205ms)
			ExecutionOrderSort (0ms)
			DisableScriptedObjects (11ms)
			BackupInstance (0ms)
			ReleaseScriptingObjects (0ms)
			CreateAndSetChildDomain (57ms)
		EndReloadAssembly (2074ms)
			LoadAssemblies (134ms)
			RebuildTransferFunctionScriptingTraits (0ms)
			SetupTypeCache (463ms)
			ReleaseScriptCaches (3ms)
			RebuildScriptCaches (88ms)
			SetupLoadedEditorAssemblies (1128ms)
				LogAssemblyErrors (0ms)
				InitializePlatformSupportModulesInManaged (34ms)
				SetLoadedEditorAssemblies (3ms)
				RefreshPlugins (2ms)
				BeforeProcessingInitializeOnLoad (141ms)
				ProcessInitializeOnLoadAttributes (792ms)
				ProcessInitializeOnLoadMethodAttributes (140ms)
				AfterProcessingInitializeOnLoad (17ms)
				EditorAssembliesLoaded (0ms)
			ExecutionOrderSort2 (0ms)
			AwakeInstancesAfterBackupRestoration (38ms)
Platform modules already initialized, skipping
Refreshing native plugins compatible for Editor in 1.09 ms, found 2 plugins.
Preloading 0 native plugins for Editor in 0.00 ms.
Unloading 3698 Unused Serialized files (Serialized files now loaded: 0)
Unloading 24 unused Assets / (380.4 KB). Loaded Objects now: 4474.
Memory consumption went from 186.4 MB to 186.0 MB.
Total: 8.695000 ms (FindLiveObjects: 0.636900 ms CreateObjectMapping: 0.566600 ms MarkObjects: 7.353600 ms  DeleteObjects: 0.136500 ms)

AssetImportParameters requested are different than current active one (requested -> active):
  custom:video-decoder-ogg-theora: a1e56fd34408186e4bbccfd4996cb3dc -> 
  custom:container-muxer-webm: aa71ff27fc2769a1b78a27578f13a17b -> 
  custom:container-demuxer-webm: 4f35f7cbe854078d1ac9338744f61a02 -> 
  custom:video-encoder-webm-vp8: eb34c28f22e8b96e1ab97ce403110664 -> 
  custom:video-codec-MediaFoundation-h265: 746d11721c4dcdbdad8f713fa42b33f4 -> 
  custom:audio-encoder-webm-vorbis: bf7c407c2cedff20999df2af8eb42d56 -> 
  custom:framework-win-MediaFoundation: 216162199b28c13a410421893ffa2e32 -> 
  custom:container-demuxer-ogg: 62fdf1f143b41e24485cea50d1cbac27 -> 
  custom:video-decoder-webm-vp8: 9c59270c3fd7afecdb556c50c9e8de78 -> 
  custom:audio-decoder-ogg-vorbis: bf7c407c2cedff20999df2af8eb42d56 -> 
========================================================================
Received Import Request.
  Time since last request: 597.295430 seconds.
  path: Assets/_Project/Junkrat/P_Junkrat.prefab
  artifactKey: Guid(4c1482042bd9612409460e124583f380) Importer(815301076,1909f56bfc062723c751e8b465ee728b)
Start importing Assets/_Project/Junkrat/P_Junkrat.prefab using Guid(4c1482042bd9612409460e124583f380) Importer(815301076,1909f56bfc062723c751e8b465ee728b)  -> (artifact id: 'e2d79b3ea572e9b3512d4c8665605dd8') in 0.259692 seconds 
========================================================================
Received Import Request.
  Time since last request: 11.715255 seconds.
  path: Assets/_Project/Junkrat/MainCamera_Junkrat.prefab
  artifactKey: Guid(a8e13dfc7d6b60e4ba6e3de7d19d85ff) Importer(815301076,1909f56bfc062723c751e8b465ee728b)
Start importing Assets/_Project/Junkrat/MainCamera_Junkrat.prefab using Guid(a8e13dfc7d6b60e4ba6e3de7d19d85ff) Importer(815301076,1909f56bfc062723c751e8b465ee728b)  -> (artifact id: '573b440175b9b17172c90d877e93cacc') in 0.036492 seconds 
========================================================================
Received Prepare
Registering precompiled user dll's ...
Registered in 0.022736 seconds.
Begin MonoManager ReloadAssembly

=================================================================
	Native Crash Reporting
=================================================================
Got a UNKNOWN while executing native code. This usually indicates
a fatal error in the mono runtime or one of the native libraries 
used by your application.
=================================================================

=================================================================
	Managed Stacktrace:
=================================================================
=================================================================
Received signal SIGSEGV
Obtained 26 stack frames
0x00007ff7fab54c5e (Unity) scripting_cpp_string_for
0x00007ff7fab86bfa (Unity) TransferField_NonArray<StreamedBinaryWrite,Converter_String>
0x00007ff7fab028a6 (Unity) ExecuteSerializationCommands<ConfigSettingsRead>
0x00007ff7faba99b2 (Unity) Transfer_ManagedObject<StreamedBinaryRead,0>
0x00007ff7fab029c6 (Unity) ExecuteSerializationCommands<JSONRead>
0x00007ff7fab1a938 (Unity) <lambda_23502d5cf47c99f01792cd87488ce116>::operator()
0x00007ff7fab15b95 (Unity) TransferScriptingObject<StreamedBinaryWrite>
0x00007ff7fab201a6 (Unity) SerializableManagedRefBackupGenerator::ExtractBackupFromInstance
0x00007ff7fab1cf1e (Unity) MonoBehaviour::BackupAndDeflateManagedReferences
0x00007ff7fabc9633 (Unity) SerializableManagedRefsUtilities::BackupAndDeflateAll
0x00007ff7fab1d3e2 (Unity) MonoManager::BeginReloadAssembly
0x00007ff7fab26f97 (Unity) MonoManager::ReloadAssembly
0x00007ff7fba3fba2 (Unity) LoadDomainAndUserAssemblies
0x00007ff7fba402d4 (Unity) LoadUserAssemblies
0x00007ff7fbecf7d8 (Unity) <lambda_c8aac203af85da22e031a8e6d38250eb>::operator()
0x00007ff7fbf645b2 (Unity) asio::detail::completion_handler<core::mutable_function<void __cdecl(void)> >::do_complete
0x00007ff7fbf6683d (Unity) asio::detail::win_iocp_io_service::do_one
0x00007ff7fbf69c5e (Unity) asio::io_service::run
0x00007ff7fbf62a51 (Unity) IOService::Run
0x00007ff7fbefbfc8 (Unity) RunAssetImportWorkerClientV2
0x00007ff7fbefc09b (Unity) RunAssetImporterV2
0x00007ff7fb742da0 (Unity) Application::InitializeProject
0x00007ff7fbb8e638 (Unity) WinMain
0x00007ff7fce9fa72 (Unity) __scrt_common_main_seh
0x00007ff9e5b954e0 (KERNEL32) BaseThreadInitThunk
0x00007ff9e6c2485b (ntdll) RtlUserThreadStart

