Using pre-set license
Built from '2021.2/staging' branch; Version is '2021.2.9f1 (921b45a28ab6) revision 9575237'; Using compiler version '192829333'; Build Type 'Release'
OS: 'Windows 11  (10.0.22000) 64bit Education' Language: 'en' Physical Memory: 16304 MB
BatchMode: 1, IsHumanControllingUs: 0, StartBugReporterOnCrash: 0, Is64bit: 1, IsPro: 0

COMMAND LINE ARGUMENTS:
C:\Program Files\Unity\Hub\Editor\2021.2.9f1\Editor\Unity.exe
-adb2
-batchMode
-noUpm
-name
AssetImportWorker0
-projectPath
C:/Users/JoshuaGangl/Documents/UnityProjects/Overwatch_Mechanics
-logFile
Logs/AssetImportWorker0.log
-srvPort
64871
Successfully changed project path to: C:/Users/JoshuaGangl/Documents/UnityProjects/Overwatch_Mechanics
C:/Users/JoshuaGangl/Documents/UnityProjects/Overwatch_Mechanics
[UnityMemory] Configuration Parameters - Can be set up in boot.config
    "memorysetup-bucket-allocator-granularity=16"
    "memorysetup-bucket-allocator-bucket-count=8"
    "memorysetup-bucket-allocator-block-size=33554432"
    "memorysetup-bucket-allocator-block-count=8"
    "memorysetup-main-allocator-block-size=16777216"
    "memorysetup-thread-allocator-block-size=16777216"
    "memorysetup-gfx-main-allocator-block-size=16777216"
    "memorysetup-gfx-thread-allocator-block-size=16777216"
    "memorysetup-cache-allocator-block-size=4194304"
    "memorysetup-typetree-allocator-block-size=2097152"
    "memorysetup-profiler-bucket-allocator-granularity=16"
    "memorysetup-profiler-bucket-allocator-bucket-count=8"
    "memorysetup-profiler-bucket-allocator-block-size=33554432"
    "memorysetup-profiler-bucket-allocator-block-count=8"
    "memorysetup-profiler-allocator-block-size=16777216"
    "memorysetup-profiler-editor-allocator-block-size=1048576"
    "memorysetup-temp-allocator-size-main=16777216"
    "memorysetup-job-temp-allocator-block-size=2097152"
    "memorysetup-job-temp-allocator-block-size-background=1048576"
    "memorysetup-job-temp-allocator-reduction-small-platforms=262144"
    "memorysetup-temp-allocator-size-background-worker=32768"
    "memorysetup-temp-allocator-size-job-worker=262144"
    "memorysetup-temp-allocator-size-preload-manager=33554432"
    "memorysetup-temp-allocator-size-nav-mesh-worker=65536"
    "memorysetup-temp-allocator-size-audio-worker=65536"
    "memorysetup-temp-allocator-size-cloud-worker=32768"
    "memorysetup-temp-allocator-size-gi-baking-worker=262144"
    "memorysetup-temp-allocator-size-gfx=262144"
Refreshing native plugins compatible for Editor in 86.20 ms, found 2 plugins.
Preloading 0 native plugins for Editor in 0.00 ms.
Initialize engine version: 2021.2.9f1 (921b45a28ab6)
[Subsystems] Discovering subsystems at path C:/Program Files/Unity/Hub/Editor/2021.2.9f1/Editor/Data/Resources/UnitySubsystems
[Subsystems] Discovering subsystems at path C:/Users/JoshuaGangl/Documents/UnityProjects/Overwatch_Mechanics/Assets
GfxDevice: creating device client; threaded=0; jobified=0
Direct3D:
    Version:  Direct3D 11.0 [level 11.1]
    Renderer: NVIDIA GeForce GTX 1070 Ti (ID=0x1b82)
    Vendor:   NVIDIA
    VRAM:     8079 MB
    Driver:   30.0.14.9709
Initialize mono
Mono path[0] = 'C:/Program Files/Unity/Hub/Editor/2021.2.9f1/Editor/Data/Managed'
Mono path[1] = 'C:/Program Files/Unity/Hub/Editor/2021.2.9f1/Editor/Data/MonoBleedingEdge/lib/mono/unityjit-win32'
Mono config path = 'C:/Program Files/Unity/Hub/Editor/2021.2.9f1/Editor/Data/MonoBleedingEdge/etc'
Using monoOptions --debugger-agent=transport=dt_socket,embedding=1,server=y,suspend=n,address=127.0.0.1:56260
Begin MonoManager ReloadAssembly
Registering precompiled unity dll's ...
Register platform support module: C:/Program Files/Unity/Hub/Editor/2021.2.9f1/Editor/Data/PlaybackEngines/WindowsStandaloneSupport/UnityEditor.WindowsStandalone.Extensions.dll
Registered in 0.006600 seconds.
Native extension for WindowsStandalone target not found
Refreshing native plugins compatible for Editor in 71.66 ms, found 2 plugins.
Preloading 0 native plugins for Editor in 0.00 ms.
Mono: successfully reloaded assembly
- Completed reload, in  0.673 seconds
Domain Reload Profiling:
	ReloadAssembly (673ms)
		BeginReloadAssembly (86ms)
			ExecutionOrderSort (0ms)
			DisableScriptedObjects (0ms)
			BackupInstance (0ms)
			ReleaseScriptingObjects (0ms)
			CreateAndSetChildDomain (1ms)
		EndReloadAssembly (501ms)
			LoadAssemblies (83ms)
			RebuildTransferFunctionScriptingTraits (0ms)
			SetupTypeCache (105ms)
			ReleaseScriptCaches (0ms)
			RebuildScriptCaches (30ms)
			SetupLoadedEditorAssemblies (307ms)
				LogAssemblyErrors (0ms)
				InitializePlatformSupportModulesInManaged (18ms)
				SetLoadedEditorAssemblies (0ms)
				RefreshPlugins (72ms)
				BeforeProcessingInitializeOnLoad (1ms)
				ProcessInitializeOnLoadAttributes (160ms)
				ProcessInitializeOnLoadMethodAttributes (55ms)
				AfterProcessingInitializeOnLoad (0ms)
				EditorAssembliesLoaded (0ms)
			ExecutionOrderSort2 (0ms)
			AwakeInstancesAfterBackupRestoration (0ms)
Platform modules already initialized, skipping
Registering precompiled user dll's ...
Registered in 0.008202 seconds.
Begin MonoManager ReloadAssembly
Native extension for WindowsStandalone target not found
Refreshing native plugins compatible for Editor in 76.96 ms, found 2 plugins.
Preloading 0 native plugins for Editor in 0.00 ms.
Mono: successfully reloaded assembly
- Completed reload, in  1.997 seconds
Domain Reload Profiling:
	ReloadAssembly (1998ms)
		BeginReloadAssembly (146ms)
			ExecutionOrderSort (0ms)
			DisableScriptedObjects (7ms)
			BackupInstance (0ms)
			ReleaseScriptingObjects (0ms)
			CreateAndSetChildDomain (27ms)
		EndReloadAssembly (1723ms)
			LoadAssemblies (107ms)
			RebuildTransferFunctionScriptingTraits (0ms)
			SetupTypeCache (267ms)
			ReleaseScriptCaches (1ms)
			RebuildScriptCaches (86ms)
			SetupLoadedEditorAssemblies (1228ms)
				LogAssemblyErrors (0ms)
				InitializePlatformSupportModulesInManaged (16ms)
				SetLoadedEditorAssemblies (0ms)
				RefreshPlugins (77ms)
				BeforeProcessingInitializeOnLoad (105ms)
				ProcessInitializeOnLoadAttributes (927ms)
				ProcessInitializeOnLoadMethodAttributes (93ms)
				AfterProcessingInitializeOnLoad (9ms)
				EditorAssembliesLoaded (0ms)
			ExecutionOrderSort2 (0ms)
			AwakeInstancesAfterBackupRestoration (6ms)
Platform modules already initialized, skipping
========================================================================
Worker process is ready to serve import requests
Launched and connected shader compiler UnityShaderCompiler.exe after 0.06 seconds
Refreshing native plugins compatible for Editor in 0.96 ms, found 2 plugins.
Preloading 0 native plugins for Editor in 0.00 ms.
Unloading 4397 Unused Serialized files (Serialized files now loaded: 0)
Unloading 47 unused Assets / (1.5 MB). Loaded Objects now: 4854.
Memory consumption went from 196.0 MB to 194.5 MB.
Total: 5.691900 ms (FindLiveObjects: 0.446600 ms CreateObjectMapping: 0.109500 ms MarkObjects: 4.618600 ms  DeleteObjects: 0.515600 ms)

AssetImportParameters requested are different than current active one (requested -> active):
  custom:video-decoder-ogg-theora: a1e56fd34408186e4bbccfd4996cb3dc -> 
  custom:container-muxer-webm: aa71ff27fc2769a1b78a27578f13a17b -> 
  custom:container-demuxer-webm: 4f35f7cbe854078d1ac9338744f61a02 -> 
  custom:video-encoder-webm-vp8: eb34c28f22e8b96e1ab97ce403110664 -> 
  custom:audio-encoder-webm-vorbis: bf7c407c2cedff20999df2af8eb42d56 -> 
  custom:framework-win-MediaFoundation: 216162199b28c13a410421893ffa2e32 -> 
  custom:container-demuxer-ogg: 62fdf1f143b41e24485cea50d1cbac27 -> 
  custom:video-decoder-webm-vp8: 9c59270c3fd7afecdb556c50c9e8de78 -> 
  custom:audio-decoder-ogg-vorbis: bf7c407c2cedff20999df2af8eb42d56 -> 
========================================================================
Received Import Request.
  Time since last request: 29395.586148 seconds.
  path: Assets/_Project/Mei/Wall_Mei.prefab
  artifactKey: Guid(b30a8d91643ee7c49bec10102af3e70f) Importer(815301076,1909f56bfc062723c751e8b465ee728b)
Start importing Assets/_Project/Mei/Wall_Mei.prefab using Guid(b30a8d91643ee7c49bec10102af3e70f) Importer(815301076,1909f56bfc062723c751e8b465ee728b) Attempting to get Camera relative temporary RenderTexture (width || height <= 0) via a CommandBuffer  in a Sriptable Render Pipeline.
UnityEngine.StackTraceUtility:ExtractStackTrace ()
UnityEngine.Rendering.ScriptableRenderContext:ExecuteCommandBuffer_Internal (UnityEngine.Rendering.CommandBuffer)
UnityEngine.Rendering.ScriptableRenderContext:ExecuteCommandBuffer (UnityEngine.Rendering.CommandBuffer)
UnityEngine.Rendering.Universal.Internal.CopyColorPass:Execute (UnityEngine.Rendering.ScriptableRenderContext,UnityEngine.Rendering.Universal.RenderingData&) (at Library/PackageCache/com.unity.render-pipelines.universal@12.1.4/Runtime/Passes/CopyColorPass.cs:111)
UnityEngine.Rendering.Universal.ScriptableRenderer:ExecuteRenderPass (UnityEngine.Rendering.ScriptableRenderContext,UnityEngine.Rendering.Universal.ScriptableRenderPass,UnityEngine.Rendering.Universal.RenderingData&) (at Library/PackageCache/com.unity.render-pipelines.universal@12.1.4/Runtime/ScriptableRenderer.cs:966)
UnityEngine.Rendering.Universal.ScriptableRenderer:ExecuteBlock (int,UnityEngine.Rendering.Universal.ScriptableRenderer/RenderBlocks&,UnityEngine.Rendering.ScriptableRenderContext,UnityEngine.Rendering.Universal.RenderingData&,bool) (at Library/PackageCache/com.unity.render-pipelines.universal@12.1.4/Runtime/ScriptableRenderer.cs:925)
UnityEngine.Rendering.Universal.ScriptableRenderer:Execute (UnityEngine.Rendering.ScriptableRenderContext,UnityEngine.Rendering.Universal.RenderingData&) (at Library/PackageCache/com.unity.render-pipelines.universal@12.1.4/Runtime/ScriptableRenderer.cs:729)
UnityEngine.Rendering.Universal.UniversalRenderPipeline:RenderSingleCamera (UnityEngine.Rendering.ScriptableRenderContext,UnityEngine.Rendering.Universal.CameraData,bool) (at Library/PackageCache/com.unity.render-pipelines.universal@12.1.4/Runtime/UniversalRenderPipeline.cs:414)
UnityEngine.Rendering.Universal.UniversalRenderPipeline:RenderSingleCamera (UnityEngine.Rendering.ScriptableRenderContext,UnityEngine.Camera) (at Library/PackageCache/com.unity.render-pipelines.universal@12.1.4/Runtime/UniversalRenderPipeline.cs:323)
UnityEngine.Rendering.Universal.UniversalRenderPipeline:Render (UnityEngine.Rendering.ScriptableRenderContext,System.Collections.Generic.List`1<UnityEngine.Camera>) (at Library/PackageCache/com.unity.render-pipelines.universal@12.1.4/Runtime/UniversalRenderPipeline.cs:278)
UnityEngine.Rendering.RenderPipeline:InternalRender (UnityEngine.Rendering.ScriptableRenderContext,System.Collections.Generic.List`1<UnityEngine.Camera>)
UnityEngine.Rendering.RenderPipelineManager:DoRenderLoop_Internal (UnityEngine.Rendering.RenderPipelineAsset,intptr,System.Collections.Generic.List`1<UnityEngine.Camera/RenderRequest>,Unity.Collections.LowLevel.Unsafe.AtomicSafetyHandle)
UnityEditor.PreviewRenderUtility:Render (bool,bool)
UnityEditor.GameObjectInspector:DoRenderPreview ()
UnityEditor.GameObjectInspector:RenderStaticPreview (string,UnityEngine.Object[],int,int)
UnityEditor.AssetPreviewUpdater:CreatePreview (UnityEngine.Object,UnityEngine.Object[],string,int,int)
UnityEditor.AssetPreviewUpdater:CreatePreviewForAsset (UnityEngine.Object,UnityEngine.Object[],string)

[ line 0]

Trying to get RenderBuffer with invalid antiAliasing (must be at least 1)
UnityEngine.StackTraceUtility:ExtractStackTrace ()
UnityEngine.Rendering.ScriptableRenderContext:Submit_Internal ()
UnityEngine.Rendering.ScriptableRenderContext:Submit ()
UnityEngine.Rendering.Universal.UniversalRenderPipeline:RenderSingleCamera (UnityEngine.Rendering.ScriptableRenderContext,UnityEngine.Rendering.Universal.CameraData,bool) (at Library/PackageCache/com.unity.render-pipelines.universal@12.1.4/Runtime/UniversalRenderPipeline.cs:430)
UnityEngine.Rendering.Universal.UniversalRenderPipeline:RenderSingleCamera (UnityEngine.Rendering.ScriptableRenderContext,UnityEngine.Camera) (at Library/PackageCache/com.unity.render-pipelines.universal@12.1.4/Runtime/UniversalRenderPipeline.cs:323)
UnityEngine.Rendering.Universal.UniversalRenderPipeline:Render (UnityEngine.Rendering.ScriptableRenderContext,System.Collections.Generic.List`1<UnityEngine.Camera>) (at Library/PackageCache/com.unity.render-pipelines.universal@12.1.4/Runtime/UniversalRenderPipeline.cs:278)
UnityEngine.Rendering.RenderPipeline:InternalRender (UnityEngine.Rendering.ScriptableRenderContext,System.Collections.Generic.List`1<UnityEngine.Camera>)
UnityEngine.Rendering.RenderPipelineManager:DoRenderLoop_Internal (UnityEngine.Rendering.RenderPipelineAsset,intptr,System.Collections.Generic.List`1<UnityEngine.Camera/RenderRequest>,Unity.Collections.LowLevel.Unsafe.AtomicSafetyHandle)
UnityEditor.PreviewRenderUtility:Render (bool,bool)
UnityEditor.GameObjectInspector:DoRenderPreview ()
UnityEditor.GameObjectInspector:RenderStaticPreview (string,UnityEngine.Object[],int,int)
UnityEditor.AssetPreviewUpdater:CreatePreview (UnityEngine.Object,UnityEngine.Object[],string,int,int)
UnityEditor.AssetPreviewUpdater:CreatePreviewForAsset (UnityEngine.Object,UnityEngine.Object[],string)

[C:\buildslave\unity\build\Runtime\Graphics\RenderBufferManager.cpp line 180]

Trying to get RenderBuffer with invalid antiAliasing (must be at least 1)
UnityEngine.StackTraceUtility:ExtractStackTrace ()
UnityEngine.Rendering.ScriptableRenderContext:Submit_Internal ()
UnityEngine.Rendering.ScriptableRenderContext:Submit ()
UnityEngine.Rendering.Universal.UniversalRenderPipeline:RenderSingleCamera (UnityEngine.Rendering.ScriptableRenderContext,UnityEngine.Rendering.Universal.CameraData,bool) (at Library/PackageCache/com.unity.render-pipelines.universal@12.1.4/Runtime/UniversalRenderPipeline.cs:430)
UnityEngine.Rendering.Universal.UniversalRenderPipeline:RenderSingleCamera (UnityEngine.Rendering.ScriptableRenderContext,UnityEngine.Camera) (at Library/PackageCache/com.unity.render-pipelines.universal@12.1.4/Runtime/UniversalRenderPipeline.cs:323)
UnityEngine.Rendering.Universal.UniversalRenderPipeline:Render (UnityEngine.Rendering.ScriptableRenderContext,System.Collections.Generic.List`1<UnityEngine.Camera>) (at Library/PackageCache/com.unity.render-pipelines.universal@12.1.4/Runtime/UniversalRenderPipeline.cs:278)
UnityEngine.Rendering.RenderPipeline:InternalRender (UnityEngine.Rendering.ScriptableRenderContext,System.Collections.Generic.List`1<UnityEngine.Camera>)
UnityEngine.Rendering.RenderPipelineManager:DoRenderLoop_Internal (UnityEngine.Rendering.RenderPipelineAsset,intptr,System.Collections.Generic.List`1<UnityEngine.Camera/RenderRequest>,Unity.Collections.LowLevel.Unsafe.AtomicSafetyHandle)
UnityEditor.PreviewRenderUtility:Render (bool,bool)
UnityEditor.GameObjectInspector:DoRenderPreview ()
UnityEditor.GameObjectInspector:RenderStaticPreview (string,UnityEngine.Object[],int,int)
UnityEditor.AssetPreviewUpdater:CreatePreview (UnityEngine.Object,UnityEngine.Object[],string,int,int)
UnityEditor.AssetPreviewUpdater:CreatePreviewForAsset (UnityEngine.Object,UnityEngine.Object[],string)

[C:\buildslave\unity\build\Runtime\Graphics\RenderBufferManager.cpp line 180]

 -> (artifact id: 'd2d85d20bd910d875147739220a0c766') in 0.288969 seconds 
========================================================================
Received Import Request.
  Time since last request: 0.000031 seconds.
  path: Assets/_Project/Mei/P_Mei.prefab
  artifactKey: Guid(93827caa4fb4c6740a3e2cd368cd5ae5) Importer(815301076,1909f56bfc062723c751e8b465ee728b)
Start importing Assets/_Project/Mei/P_Mei.prefab using Guid(93827caa4fb4c6740a3e2cd368cd5ae5) Importer(815301076,1909f56bfc062723c751e8b465ee728b)  -> (artifact id: '51b2c7f9373a177195acd8377b666003') in 0.025958 seconds 
========================================================================
Received Import Request.
  Time since last request: 5.153254 seconds.
  path: Assets/_Project/Mei/VFX/FX_IcePillar.prefab
  artifactKey: Guid(8fdfb8980822b1140b206c22bda8ecf8) Importer(815301076,1909f56bfc062723c751e8b465ee728b)
Start importing Assets/_Project/Mei/VFX/FX_IcePillar.prefab using Guid(8fdfb8980822b1140b206c22bda8ecf8) Importer(815301076,1909f56bfc062723c751e8b465ee728b)  -> (artifact id: 'dc6dbd3bcdc5d1aa6e2efa0d9fadbd1c') in 0.018308 seconds 
========================================================================
Received Prepare
Registering precompiled user dll's ...
Registered in 0.007734 seconds.
Begin MonoManager ReloadAssembly
Native extension for WindowsStandalone target not found
Refreshing native plugins compatible for Editor in 0.94 ms, found 2 plugins.
Preloading 0 native plugins for Editor in 0.00 ms.
Mono: successfully reloaded assembly
- Completed reload, in  1.501 seconds
Domain Reload Profiling:
	ReloadAssembly (1502ms)
		BeginReloadAssembly (170ms)
			ExecutionOrderSort (0ms)
			DisableScriptedObjects (8ms)
			BackupInstance (0ms)
			ReleaseScriptingObjects (0ms)
			CreateAndSetChildDomain (44ms)
		EndReloadAssembly (1202ms)
			LoadAssemblies (97ms)
			RebuildTransferFunctionScriptingTraits (0ms)
			SetupTypeCache (299ms)
			ReleaseScriptCaches (2ms)
			RebuildScriptCaches (75ms)
			SetupLoadedEditorAssemblies (653ms)
				LogAssemblyErrors (0ms)
				InitializePlatformSupportModulesInManaged (13ms)
				SetLoadedEditorAssemblies (1ms)
				RefreshPlugins (1ms)
				BeforeProcessingInitializeOnLoad (82ms)
				ProcessInitializeOnLoadAttributes (465ms)
				ProcessInitializeOnLoadMethodAttributes (81ms)
				AfterProcessingInitializeOnLoad (11ms)
				EditorAssembliesLoaded (0ms)
			ExecutionOrderSort2 (0ms)
			AwakeInstancesAfterBackupRestoration (13ms)
Platform modules already initialized, skipping
Refreshing native plugins compatible for Editor in 1.48 ms, found 2 plugins.
Preloading 0 native plugins for Editor in 0.00 ms.
Unloading 4256 Unused Serialized files (Serialized files now loaded: 0)
Unloading 25 unused Assets / (1.1 MB). Loaded Objects now: 4935.
Memory consumption went from 197.1 MB to 196.0 MB.
Total: 5.367800 ms (FindLiveObjects: 0.458500 ms CreateObjectMapping: 0.148100 ms MarkObjects: 4.497300 ms  DeleteObjects: 0.261900 ms)

AssetImportParameters requested are different than current active one (requested -> active):
  custom:video-decoder-ogg-theora: a1e56fd34408186e4bbccfd4996cb3dc -> 
  custom:container-muxer-webm: aa71ff27fc2769a1b78a27578f13a17b -> 
  custom:container-demuxer-webm: 4f35f7cbe854078d1ac9338744f61a02 -> 
  custom:video-encoder-webm-vp8: eb34c28f22e8b96e1ab97ce403110664 -> 
  custom:audio-encoder-webm-vorbis: bf7c407c2cedff20999df2af8eb42d56 -> 
  custom:framework-win-MediaFoundation: 216162199b28c13a410421893ffa2e32 -> 
  custom:container-demuxer-ogg: 62fdf1f143b41e24485cea50d1cbac27 -> 
  custom:video-decoder-webm-vp8: 9c59270c3fd7afecdb556c50c9e8de78 -> 
  custom:audio-decoder-ogg-vorbis: bf7c407c2cedff20999df2af8eb42d56 -> 
========================================================================
Received Import Request.
  Time since last request: 67.313921 seconds.
  path: Assets/_Project/Mei/VFX/FX_IcePillar.prefab
  artifactKey: Guid(8fdfb8980822b1140b206c22bda8ecf8) Importer(815301076,1909f56bfc062723c751e8b465ee728b)
Start importing Assets/_Project/Mei/VFX/FX_IcePillar.prefab using Guid(8fdfb8980822b1140b206c22bda8ecf8) Importer(815301076,1909f56bfc062723c751e8b465ee728b) Trying to get RenderBuffer with invalid antiAliasing (must be at least 1)
UnityEngine.StackTraceUtility:ExtractStackTrace ()
UnityEngine.Rendering.ScriptableRenderContext:Submit_Internal ()
UnityEngine.Rendering.ScriptableRenderContext:Submit ()
UnityEngine.Rendering.Universal.UniversalRenderPipeline:RenderSingleCamera (UnityEngine.Rendering.ScriptableRenderContext,UnityEngine.Rendering.Universal.CameraData,bool) (at Library/PackageCache/com.unity.render-pipelines.universal@12.1.4/Runtime/UniversalRenderPipeline.cs:430)
UnityEngine.Rendering.Universal.UniversalRenderPipeline:RenderSingleCamera (UnityEngine.Rendering.ScriptableRenderContext,UnityEngine.Camera) (at Library/PackageCache/com.unity.render-pipelines.universal@12.1.4/Runtime/UniversalRenderPipeline.cs:323)
UnityEngine.Rendering.Universal.UniversalRenderPipeline:Render (UnityEngine.Rendering.ScriptableRenderContext,System.Collections.Generic.List`1<UnityEngine.Camera>) (at Library/PackageCache/com.unity.render-pipelines.universal@12.1.4/Runtime/UniversalRenderPipeline.cs:278)
UnityEngine.Rendering.RenderPipeline:InternalRender (UnityEngine.Rendering.ScriptableRenderContext,System.Collections.Generic.List`1<UnityEngine.Camera>)
UnityEngine.Rendering.RenderPipelineManager:DoRenderLoop_Internal (UnityEngine.Rendering.RenderPipelineAsset,intptr,System.Collections.Generic.List`1<UnityEngine.Camera/RenderRequest>,Unity.Collections.LowLevel.Unsafe.AtomicSafetyHandle)
UnityEditor.PreviewRenderUtility:Render (bool,bool)
UnityEditor.GameObjectInspector:DoRenderPreview ()
UnityEditor.GameObjectInspector:RenderStaticPreview (string,UnityEngine.Object[],int,int)
UnityEditor.AssetPreviewUpdater:CreatePreview (UnityEngine.Object,UnityEngine.Object[],string,int,int)
UnityEditor.AssetPreviewUpdater:CreatePreviewForAsset (UnityEngine.Object,UnityEngine.Object[],string)

[C:\buildslave\unity\build\Runtime\Graphics\RenderBufferManager.cpp line 180]

Trying to get RenderBuffer with invalid antiAliasing (must be at least 1)
UnityEngine.StackTraceUtility:ExtractStackTrace ()
UnityEngine.Rendering.ScriptableRenderContext:Submit_Internal ()
UnityEngine.Rendering.ScriptableRenderContext:Submit ()
UnityEngine.Rendering.Universal.UniversalRenderPipeline:RenderSingleCamera (UnityEngine.Rendering.ScriptableRenderContext,UnityEngine.Rendering.Universal.CameraData,bool) (at Library/PackageCache/com.unity.render-pipelines.universal@12.1.4/Runtime/UniversalRenderPipeline.cs:430)
UnityEngine.Rendering.Universal.UniversalRenderPipeline:RenderSingleCamera (UnityEngine.Rendering.ScriptableRenderContext,UnityEngine.Camera) (at Library/PackageCache/com.unity.render-pipelines.universal@12.1.4/Runtime/UniversalRenderPipeline.cs:323)
UnityEngine.Rendering.Universal.UniversalRenderPipeline:Render (UnityEngine.Rendering.ScriptableRenderContext,System.Collections.Generic.List`1<UnityEngine.Camera>) (at Library/PackageCache/com.unity.render-pipelines.universal@12.1.4/Runtime/UniversalRenderPipeline.cs:278)
UnityEngine.Rendering.RenderPipeline:InternalRender (UnityEngine.Rendering.ScriptableRenderContext,System.Collections.Generic.List`1<UnityEngine.Camera>)
UnityEngine.Rendering.RenderPipelineManager:DoRenderLoop_Internal (UnityEngine.Rendering.RenderPipelineAsset,intptr,System.Collections.Generic.List`1<UnityEngine.Camera/RenderRequest>,Unity.Collections.LowLevel.Unsafe.AtomicSafetyHandle)
UnityEditor.PreviewRenderUtility:Render (bool,bool)
UnityEditor.GameObjectInspector:DoRenderPreview ()
UnityEditor.GameObjectInspector:RenderStaticPreview (string,UnityEngine.Object[],int,int)
UnityEditor.AssetPreviewUpdater:CreatePreview (UnityEngine.Object,UnityEngine.Object[],string,int,int)
UnityEditor.AssetPreviewUpdater:CreatePreviewForAsset (UnityEngine.Object,UnityEngine.Object[],string)

[C:\buildslave\unity\build\Runtime\Graphics\RenderBufferManager.cpp line 180]

 -> (artifact id: 'fa2f6a562a136e507d23777d084f3f79') in 0.207774 seconds 
========================================================================
Received Import Request.
  Time since last request: 36.417076 seconds.
  path: Assets/_Project/Mei/VFX/FX_IcePillar.prefab
  artifactKey: Guid(8fdfb8980822b1140b206c22bda8ecf8) Importer(815301076,1909f56bfc062723c751e8b465ee728b)
Start importing Assets/_Project/Mei/VFX/FX_IcePillar.prefab using Guid(8fdfb8980822b1140b206c22bda8ecf8) Importer(815301076,1909f56bfc062723c751e8b465ee728b)  -> (artifact id: '3be1b6da589a0b1b4b07a3f5b364476d') in 0.015909 seconds 
========================================================================
Received Prepare
Registering precompiled user dll's ...
Registered in 0.007183 seconds.
Begin MonoManager ReloadAssembly
Native extension for WindowsStandalone target not found
Refreshing native plugins compatible for Editor in 0.96 ms, found 2 plugins.
Preloading 0 native plugins for Editor in 0.00 ms.
Mono: successfully reloaded assembly
- Completed reload, in  1.459 seconds
Domain Reload Profiling:
	ReloadAssembly (1460ms)
		BeginReloadAssembly (152ms)
			ExecutionOrderSort (0ms)
			DisableScriptedObjects (9ms)
			BackupInstance (0ms)
			ReleaseScriptingObjects (0ms)
			CreateAndSetChildDomain (42ms)
		EndReloadAssembly (1207ms)
			LoadAssemblies (87ms)
			RebuildTransferFunctionScriptingTraits (0ms)
			SetupTypeCache (248ms)
			ReleaseScriptCaches (2ms)
			RebuildScriptCaches (74ms)
			SetupLoadedEditorAssemblies (706ms)
				LogAssemblyErrors (0ms)
				InitializePlatformSupportModulesInManaged (14ms)
				SetLoadedEditorAssemblies (1ms)
				RefreshPlugins (1ms)
				BeforeProcessingInitializeOnLoad (91ms)
				ProcessInitializeOnLoadAttributes (490ms)
				ProcessInitializeOnLoadMethodAttributes (96ms)
				AfterProcessingInitializeOnLoad (13ms)
				EditorAssembliesLoaded (0ms)
			ExecutionOrderSort2 (0ms)
			AwakeInstancesAfterBackupRestoration (19ms)
Platform modules already initialized, skipping
Refreshing native plugins compatible for Editor in 1.21 ms, found 2 plugins.
Preloading 0 native plugins for Editor in 0.00 ms.
Unloading 4245 Unused Serialized files (Serialized files now loaded: 0)
Unloading 25 unused Assets / (1.1 MB). Loaded Objects now: 4989.
Memory consumption went from 196.2 MB to 195.1 MB.
Total: 5.536900 ms (FindLiveObjects: 0.536600 ms CreateObjectMapping: 0.140400 ms MarkObjects: 4.573400 ms  DeleteObjects: 0.282900 ms)

AssetImportParameters requested are different than current active one (requested -> active):
  custom:video-decoder-ogg-theora: a1e56fd34408186e4bbccfd4996cb3dc -> 
  custom:container-muxer-webm: aa71ff27fc2769a1b78a27578f13a17b -> 
  custom:container-demuxer-webm: 4f35f7cbe854078d1ac9338744f61a02 -> 
  custom:video-encoder-webm-vp8: eb34c28f22e8b96e1ab97ce403110664 -> 
  custom:audio-encoder-webm-vorbis: bf7c407c2cedff20999df2af8eb42d56 -> 
  custom:framework-win-MediaFoundation: 216162199b28c13a410421893ffa2e32 -> 
  custom:container-demuxer-ogg: 62fdf1f143b41e24485cea50d1cbac27 -> 
  custom:video-decoder-webm-vp8: 9c59270c3fd7afecdb556c50c9e8de78 -> 
  custom:audio-decoder-ogg-vorbis: bf7c407c2cedff20999df2af8eb42d56 -> 
========================================================================
Received Import Request.
  Time since last request: 45.435863 seconds.
  path: Assets/_Project/Mei/VFX/FX_IcePillar.prefab
  artifactKey: Guid(8fdfb8980822b1140b206c22bda8ecf8) Importer(815301076,1909f56bfc062723c751e8b465ee728b)
Start importing Assets/_Project/Mei/VFX/FX_IcePillar.prefab using Guid(8fdfb8980822b1140b206c22bda8ecf8) Importer(815301076,1909f56bfc062723c751e8b465ee728b) Trying to get RenderBuffer with invalid antiAliasing (must be at least 1)
UnityEngine.StackTraceUtility:ExtractStackTrace ()
UnityEngine.Rendering.ScriptableRenderContext:Submit_Internal ()
UnityEngine.Rendering.ScriptableRenderContext:Submit ()
UnityEngine.Rendering.Universal.UniversalRenderPipeline:RenderSingleCamera (UnityEngine.Rendering.ScriptableRenderContext,UnityEngine.Rendering.Universal.CameraData,bool) (at Library/PackageCache/com.unity.render-pipelines.universal@12.1.4/Runtime/UniversalRenderPipeline.cs:430)
UnityEngine.Rendering.Universal.UniversalRenderPipeline:RenderSingleCamera (UnityEngine.Rendering.ScriptableRenderContext,UnityEngine.Camera) (at Library/PackageCache/com.unity.render-pipelines.universal@12.1.4/Runtime/UniversalRenderPipeline.cs:323)
UnityEngine.Rendering.Universal.UniversalRenderPipeline:Render (UnityEngine.Rendering.ScriptableRenderContext,System.Collections.Generic.List`1<UnityEngine.Camera>) (at Library/PackageCache/com.unity.render-pipelines.universal@12.1.4/Runtime/UniversalRenderPipeline.cs:278)
UnityEngine.Rendering.RenderPipeline:InternalRender (UnityEngine.Rendering.ScriptableRenderContext,System.Collections.Generic.List`1<UnityEngine.Camera>)
UnityEngine.Rendering.RenderPipelineManager:DoRenderLoop_Internal (UnityEngine.Rendering.RenderPipelineAsset,intptr,System.Collections.Generic.List`1<UnityEngine.Camera/RenderRequest>,Unity.Collections.LowLevel.Unsafe.AtomicSafetyHandle)
UnityEditor.PreviewRenderUtility:Render (bool,bool)
UnityEditor.GameObjectInspector:DoRenderPreview ()
UnityEditor.GameObjectInspector:RenderStaticPreview (string,UnityEngine.Object[],int,int)
UnityEditor.AssetPreviewUpdater:CreatePreview (UnityEngine.Object,UnityEngine.Object[],string,int,int)
UnityEditor.AssetPreviewUpdater:CreatePreviewForAsset (UnityEngine.Object,UnityEngine.Object[],string)

[C:\buildslave\unity\build\Runtime\Graphics\RenderBufferManager.cpp line 180]

Trying to get RenderBuffer with invalid antiAliasing (must be at least 1)
UnityEngine.StackTraceUtility:ExtractStackTrace ()
UnityEngine.Rendering.ScriptableRenderContext:Submit_Internal ()
UnityEngine.Rendering.ScriptableRenderContext:Submit ()
UnityEngine.Rendering.Universal.UniversalRenderPipeline:RenderSingleCamera (UnityEngine.Rendering.ScriptableRenderContext,UnityEngine.Rendering.Universal.CameraData,bool) (at Library/PackageCache/com.unity.render-pipelines.universal@12.1.4/Runtime/UniversalRenderPipeline.cs:430)
UnityEngine.Rendering.Universal.UniversalRenderPipeline:RenderSingleCamera (UnityEngine.Rendering.ScriptableRenderContext,UnityEngine.Camera) (at Library/PackageCache/com.unity.render-pipelines.universal@12.1.4/Runtime/UniversalRenderPipeline.cs:323)
UnityEngine.Rendering.Universal.UniversalRenderPipeline:Render (UnityEngine.Rendering.ScriptableRenderContext,System.Collections.Generic.List`1<UnityEngine.Camera>) (at Library/PackageCache/com.unity.render-pipelines.universal@12.1.4/Runtime/UniversalRenderPipeline.cs:278)
UnityEngine.Rendering.RenderPipeline:InternalRender (UnityEngine.Rendering.ScriptableRenderContext,System.Collections.Generic.List`1<UnityEngine.Camera>)
UnityEngine.Rendering.RenderPipelineManager:DoRenderLoop_Internal (UnityEngine.Rendering.RenderPipelineAsset,intptr,System.Collections.Generic.List`1<UnityEngine.Camera/RenderRequest>,Unity.Collections.LowLevel.Unsafe.AtomicSafetyHandle)
UnityEditor.PreviewRenderUtility:Render (bool,bool)
UnityEditor.GameObjectInspector:DoRenderPreview ()
UnityEditor.GameObjectInspector:RenderStaticPreview (string,UnityEngine.Object[],int,int)
UnityEditor.AssetPreviewUpdater:CreatePreview (UnityEngine.Object,UnityEngine.Object[],string,int,int)
UnityEditor.AssetPreviewUpdater:CreatePreviewForAsset (UnityEngine.Object,UnityEngine.Object[],string)

[C:\buildslave\unity\build\Runtime\Graphics\RenderBufferManager.cpp line 180]

 -> (artifact id: '4cded10ed7fff01e099a0b66a0a1d6f7') in 0.219089 seconds 
========================================================================
Received Prepare
Registering precompiled user dll's ...
Registered in 0.006610 seconds.
Begin MonoManager ReloadAssembly
Native extension for WindowsStandalone target not found
Refreshing native plugins compatible for Editor in 0.97 ms, found 2 plugins.
Preloading 0 native plugins for Editor in 0.00 ms.
Mono: successfully reloaded assembly
- Completed reload, in  1.416 seconds
Domain Reload Profiling:
	ReloadAssembly (1416ms)
		BeginReloadAssembly (149ms)
			ExecutionOrderSort (0ms)
			DisableScriptedObjects (8ms)
			BackupInstance (0ms)
			ReleaseScriptingObjects (0ms)
			CreateAndSetChildDomain (46ms)
		EndReloadAssembly (1157ms)
			LoadAssemblies (85ms)
			RebuildTransferFunctionScriptingTraits (0ms)
			SetupTypeCache (256ms)
			ReleaseScriptCaches (2ms)
			RebuildScriptCaches (74ms)
			SetupLoadedEditorAssemblies (662ms)
				LogAssemblyErrors (0ms)
				InitializePlatformSupportModulesInManaged (14ms)
				SetLoadedEditorAssemblies (1ms)
				RefreshPlugins (1ms)
				BeforeProcessingInitializeOnLoad (91ms)
				ProcessInitializeOnLoadAttributes (466ms)
				ProcessInitializeOnLoadMethodAttributes (79ms)
				AfterProcessingInitializeOnLoad (10ms)
				EditorAssembliesLoaded (0ms)
			ExecutionOrderSort2 (0ms)
			AwakeInstancesAfterBackupRestoration (13ms)
Platform modules already initialized, skipping
Refreshing native plugins compatible for Editor in 1.05 ms, found 2 plugins.
Preloading 0 native plugins for Editor in 0.00 ms.
Unloading 4245 Unused Serialized files (Serialized files now loaded: 0)
Unloading 25 unused Assets / (1.1 MB). Loaded Objects now: 5043.
Memory consumption went from 196.3 MB to 195.2 MB.
Total: 5.644800 ms (FindLiveObjects: 0.615600 ms CreateObjectMapping: 0.161800 ms MarkObjects: 4.555000 ms  DeleteObjects: 0.310400 ms)

AssetImportParameters requested are different than current active one (requested -> active):
  custom:video-decoder-ogg-theora: a1e56fd34408186e4bbccfd4996cb3dc -> 
  custom:container-muxer-webm: aa71ff27fc2769a1b78a27578f13a17b -> 
  custom:container-demuxer-webm: 4f35f7cbe854078d1ac9338744f61a02 -> 
  custom:video-encoder-webm-vp8: eb34c28f22e8b96e1ab97ce403110664 -> 
  custom:audio-encoder-webm-vorbis: bf7c407c2cedff20999df2af8eb42d56 -> 
  custom:framework-win-MediaFoundation: 216162199b28c13a410421893ffa2e32 -> 
  custom:container-demuxer-ogg: 62fdf1f143b41e24485cea50d1cbac27 -> 
  custom:video-decoder-webm-vp8: 9c59270c3fd7afecdb556c50c9e8de78 -> 
  custom:audio-decoder-ogg-vorbis: bf7c407c2cedff20999df2af8eb42d56 -> 
========================================================================
Received Prepare
Registering precompiled user dll's ...
Registered in 0.007436 seconds.
Begin MonoManager ReloadAssembly
Native extension for WindowsStandalone target not found
Refreshing native plugins compatible for Editor in 0.94 ms, found 2 plugins.
Preloading 0 native plugins for Editor in 0.00 ms.
Mono: successfully reloaded assembly
- Completed reload, in  1.376 seconds
Domain Reload Profiling:
	ReloadAssembly (1377ms)
		BeginReloadAssembly (149ms)
			ExecutionOrderSort (0ms)
			DisableScriptedObjects (6ms)
			BackupInstance (0ms)
			ReleaseScriptingObjects (0ms)
			CreateAndSetChildDomain (40ms)
		EndReloadAssembly (1120ms)
			LoadAssemblies (88ms)
			RebuildTransferFunctionScriptingTraits (0ms)
			SetupTypeCache (260ms)
			ReleaseScriptCaches (2ms)
			RebuildScriptCaches (75ms)
			SetupLoadedEditorAssemblies (614ms)
				LogAssemblyErrors (0ms)
				InitializePlatformSupportModulesInManaged (16ms)
				SetLoadedEditorAssemblies (1ms)
				RefreshPlugins (1ms)
				BeforeProcessingInitializeOnLoad (86ms)
				ProcessInitializeOnLoadAttributes (426ms)
				ProcessInitializeOnLoadMethodAttributes (75ms)
				AfterProcessingInitializeOnLoad (9ms)
				EditorAssembliesLoaded (0ms)
			ExecutionOrderSort2 (0ms)
			AwakeInstancesAfterBackupRestoration (12ms)
Platform modules already initialized, skipping
Refreshing native plugins compatible for Editor in 1.08 ms, found 2 plugins.
Preloading 0 native plugins for Editor in 0.00 ms.
Unloading 4245 Unused Serialized files (Serialized files now loaded: 0)
Unloading 25 unused Assets / (1.1 MB). Loaded Objects now: 5057.
Memory consumption went from 196.2 MB to 195.1 MB.
Total: 4.790400 ms (FindLiveObjects: 0.516200 ms CreateObjectMapping: 0.135900 ms MarkObjects: 3.862500 ms  DeleteObjects: 0.274600 ms)

AssetImportParameters requested are different than current active one (requested -> active):
  custom:video-decoder-ogg-theora: a1e56fd34408186e4bbccfd4996cb3dc -> 
  custom:container-muxer-webm: aa71ff27fc2769a1b78a27578f13a17b -> 
  custom:container-demuxer-webm: 4f35f7cbe854078d1ac9338744f61a02 -> 
  custom:video-encoder-webm-vp8: eb34c28f22e8b96e1ab97ce403110664 -> 
  custom:audio-encoder-webm-vorbis: bf7c407c2cedff20999df2af8eb42d56 -> 
  custom:framework-win-MediaFoundation: 216162199b28c13a410421893ffa2e32 -> 
  custom:container-demuxer-ogg: 62fdf1f143b41e24485cea50d1cbac27 -> 
  custom:video-decoder-webm-vp8: 9c59270c3fd7afecdb556c50c9e8de78 -> 
  custom:audio-decoder-ogg-vorbis: bf7c407c2cedff20999df2af8eb42d56 -> 
========================================================================
Received Prepare
Registering precompiled user dll's ...
Registered in 0.006990 seconds.
Begin MonoManager ReloadAssembly
Native extension for WindowsStandalone target not found
Refreshing native plugins compatible for Editor in 0.87 ms, found 2 plugins.
Preloading 0 native plugins for Editor in 0.00 ms.
Mono: successfully reloaded assembly
- Completed reload, in  1.434 seconds
Domain Reload Profiling:
	ReloadAssembly (1435ms)
		BeginReloadAssembly (150ms)
			ExecutionOrderSort (0ms)
			DisableScriptedObjects (6ms)
			BackupInstance (0ms)
			ReleaseScriptingObjects (0ms)
			CreateAndSetChildDomain (46ms)
		EndReloadAssembly (1180ms)
			LoadAssemblies (87ms)
			RebuildTransferFunctionScriptingTraits (0ms)
			SetupTypeCache (254ms)
			ReleaseScriptCaches (2ms)
			RebuildScriptCaches (75ms)
			SetupLoadedEditorAssemblies (675ms)
				LogAssemblyErrors (0ms)
				InitializePlatformSupportModulesInManaged (14ms)
				SetLoadedEditorAssemblies (1ms)
				RefreshPlugins (1ms)
				BeforeProcessingInitializeOnLoad (86ms)
				ProcessInitializeOnLoadAttributes (484ms)
				ProcessInitializeOnLoadMethodAttributes (81ms)
				AfterProcessingInitializeOnLoad (9ms)
				EditorAssembliesLoaded (0ms)
			ExecutionOrderSort2 (0ms)
			AwakeInstancesAfterBackupRestoration (16ms)
Platform modules already initialized, skipping
Refreshing native plugins compatible for Editor in 0.97 ms, found 2 plugins.
Preloading 0 native plugins for Editor in 0.00 ms.
Unloading 4245 Unused Serialized files (Serialized files now loaded: 0)
Unloading 25 unused Assets / (1.1 MB). Loaded Objects now: 5071.
Memory consumption went from 196.2 MB to 195.1 MB.
Total: 6.368700 ms (FindLiveObjects: 0.585000 ms CreateObjectMapping: 0.155500 ms MarkObjects: 5.370500 ms  DeleteObjects: 0.256000 ms)

AssetImportParameters requested are different than current active one (requested -> active):
  custom:video-decoder-ogg-theora: a1e56fd34408186e4bbccfd4996cb3dc -> 
  custom:container-muxer-webm: aa71ff27fc2769a1b78a27578f13a17b -> 
  custom:container-demuxer-webm: 4f35f7cbe854078d1ac9338744f61a02 -> 
  custom:video-encoder-webm-vp8: eb34c28f22e8b96e1ab97ce403110664 -> 
  custom:audio-encoder-webm-vorbis: bf7c407c2cedff20999df2af8eb42d56 -> 
  custom:framework-win-MediaFoundation: 216162199b28c13a410421893ffa2e32 -> 
  custom:container-demuxer-ogg: 62fdf1f143b41e24485cea50d1cbac27 -> 
  custom:video-decoder-webm-vp8: 9c59270c3fd7afecdb556c50c9e8de78 -> 
  custom:audio-decoder-ogg-vorbis: bf7c407c2cedff20999df2af8eb42d56 -> 
========================================================================
Received Prepare
Registering precompiled user dll's ...
Registered in 0.006927 seconds.
Begin MonoManager ReloadAssembly
Native extension for WindowsStandalone target not found
Refreshing native plugins compatible for Editor in 0.98 ms, found 2 plugins.
Preloading 0 native plugins for Editor in 0.00 ms.
Mono: successfully reloaded assembly
- Completed reload, in  1.392 seconds
Domain Reload Profiling:
	ReloadAssembly (1393ms)
		BeginReloadAssembly (147ms)
			ExecutionOrderSort (0ms)
			DisableScriptedObjects (6ms)
			BackupInstance (0ms)
			ReleaseScriptingObjects (0ms)
			CreateAndSetChildDomain (40ms)
		EndReloadAssembly (1144ms)
			LoadAssemblies (86ms)
			RebuildTransferFunctionScriptingTraits (0ms)
			SetupTypeCache (252ms)
			ReleaseScriptCaches (2ms)
			RebuildScriptCaches (76ms)
			SetupLoadedEditorAssemblies (648ms)
				LogAssemblyErrors (0ms)
				InitializePlatformSupportModulesInManaged (15ms)
				SetLoadedEditorAssemblies (1ms)
				RefreshPlugins (1ms)
				BeforeProcessingInitializeOnLoad (88ms)
				ProcessInitializeOnLoadAttributes (453ms)
				ProcessInitializeOnLoadMethodAttributes (80ms)
				AfterProcessingInitializeOnLoad (11ms)
				EditorAssembliesLoaded (0ms)
			ExecutionOrderSort2 (0ms)
			AwakeInstancesAfterBackupRestoration (13ms)
Platform modules already initialized, skipping
Refreshing native plugins compatible for Editor in 1.05 ms, found 2 plugins.
Preloading 0 native plugins for Editor in 0.00 ms.
Unloading 4245 Unused Serialized files (Serialized files now loaded: 0)
Unloading 25 unused Assets / (1.1 MB). Loaded Objects now: 5085.
Memory consumption went from 196.3 MB to 195.1 MB.
Total: 5.636300 ms (FindLiveObjects: 0.585000 ms CreateObjectMapping: 0.166500 ms MarkObjects: 4.528000 ms  DeleteObjects: 0.354400 ms)

AssetImportParameters requested are different than current active one (requested -> active):
  custom:video-decoder-ogg-theora: a1e56fd34408186e4bbccfd4996cb3dc -> 
  custom:container-muxer-webm: aa71ff27fc2769a1b78a27578f13a17b -> 
  custom:container-demuxer-webm: 4f35f7cbe854078d1ac9338744f61a02 -> 
  custom:video-encoder-webm-vp8: eb34c28f22e8b96e1ab97ce403110664 -> 
  custom:audio-encoder-webm-vorbis: bf7c407c2cedff20999df2af8eb42d56 -> 
  custom:framework-win-MediaFoundation: 216162199b28c13a410421893ffa2e32 -> 
  custom:container-demuxer-ogg: 62fdf1f143b41e24485cea50d1cbac27 -> 
  custom:video-decoder-webm-vp8: 9c59270c3fd7afecdb556c50c9e8de78 -> 
  custom:audio-decoder-ogg-vorbis: bf7c407c2cedff20999df2af8eb42d56 -> 
========================================================================
Received Prepare
Registering precompiled user dll's ...
Registered in 0.006564 seconds.
Begin MonoManager ReloadAssembly
Native extension for WindowsStandalone target not found
Refreshing native plugins compatible for Editor in 1.30 ms, found 2 plugins.
Preloading 0 native plugins for Editor in 0.00 ms.
Mono: successfully reloaded assembly
- Completed reload, in  1.454 seconds
Domain Reload Profiling:
	ReloadAssembly (1455ms)
		BeginReloadAssembly (145ms)
			ExecutionOrderSort (0ms)
			DisableScriptedObjects (6ms)
			BackupInstance (0ms)
			ReleaseScriptingObjects (0ms)
			CreateAndSetChildDomain (39ms)
		EndReloadAssembly (1200ms)
			LoadAssemblies (84ms)
			RebuildTransferFunctionScriptingTraits (0ms)
			SetupTypeCache (254ms)
			ReleaseScriptCaches (2ms)
			RebuildScriptCaches (76ms)
			SetupLoadedEditorAssemblies (697ms)
				LogAssemblyErrors (0ms)
				InitializePlatformSupportModulesInManaged (14ms)
				SetLoadedEditorAssemblies (1ms)
				RefreshPlugins (1ms)
				BeforeProcessingInitializeOnLoad (92ms)
				ProcessInitializeOnLoadAttributes (477ms)
				ProcessInitializeOnLoadMethodAttributes (99ms)
				AfterProcessingInitializeOnLoad (13ms)
				EditorAssembliesLoaded (0ms)
			ExecutionOrderSort2 (0ms)
			AwakeInstancesAfterBackupRestoration (16ms)
Platform modules already initialized, skipping
Refreshing native plugins compatible for Editor in 1.01 ms, found 2 plugins.
Preloading 0 native plugins for Editor in 0.00 ms.
Unloading 4245 Unused Serialized files (Serialized files now loaded: 0)
Unloading 25 unused Assets / (1.1 MB). Loaded Objects now: 5099.
Memory consumption went from 196.3 MB to 195.2 MB.
Total: 5.716100 ms (FindLiveObjects: 0.555400 ms CreateObjectMapping: 0.276400 ms MarkObjects: 4.581900 ms  DeleteObjects: 0.300600 ms)

AssetImportParameters requested are different than current active one (requested -> active):
  custom:video-decoder-ogg-theora: a1e56fd34408186e4bbccfd4996cb3dc -> 
  custom:container-muxer-webm: aa71ff27fc2769a1b78a27578f13a17b -> 
  custom:container-demuxer-webm: 4f35f7cbe854078d1ac9338744f61a02 -> 
  custom:video-encoder-webm-vp8: eb34c28f22e8b96e1ab97ce403110664 -> 
  custom:audio-encoder-webm-vorbis: bf7c407c2cedff20999df2af8eb42d56 -> 
  custom:framework-win-MediaFoundation: 216162199b28c13a410421893ffa2e32 -> 
  custom:container-demuxer-ogg: 62fdf1f143b41e24485cea50d1cbac27 -> 
  custom:video-decoder-webm-vp8: 9c59270c3fd7afecdb556c50c9e8de78 -> 
  custom:audio-decoder-ogg-vorbis: bf7c407c2cedff20999df2af8eb42d56 -> 
========================================================================
Received Import Request.
  Time since last request: 749.891909 seconds.
  path: Assets/PolygonParticleFX/Materials/PolygonParticleFX_Additive_Soft.mat
  artifactKey: Guid(f42a357a923c92f4b9818c765c8b2c03) Importer(815301076,1909f56bfc062723c751e8b465ee728b)
Start importing Assets/PolygonParticleFX/Materials/PolygonParticleFX_Additive_Soft.mat using Guid(f42a357a923c92f4b9818c765c8b2c03) Importer(815301076,1909f56bfc062723c751e8b465ee728b) Trying to get RenderBuffer with invalid antiAliasing (must be at least 1)
UnityEngine.StackTraceUtility:ExtractStackTrace ()
UnityEngine.Rendering.ScriptableRenderContext:Submit_Internal ()
UnityEngine.Rendering.ScriptableRenderContext:Submit ()
UnityEngine.Rendering.Universal.UniversalRenderPipeline:RenderSingleCamera (UnityEngine.Rendering.ScriptableRenderContext,UnityEngine.Rendering.Universal.CameraData,bool) (at Library/PackageCache/com.unity.render-pipelines.universal@12.1.4/Runtime/UniversalRenderPipeline.cs:430)
UnityEngine.Rendering.Universal.UniversalRenderPipeline:RenderSingleCamera (UnityEngine.Rendering.ScriptableRenderContext,UnityEngine.Camera) (at Library/PackageCache/com.unity.render-pipelines.universal@12.1.4/Runtime/UniversalRenderPipeline.cs:323)
UnityEngine.Rendering.Universal.UniversalRenderPipeline:Render (UnityEngine.Rendering.ScriptableRenderContext,System.Collections.Generic.List`1<UnityEngine.Camera>) (at Library/PackageCache/com.unity.render-pipelines.universal@12.1.4/Runtime/UniversalRenderPipeline.cs:278)
UnityEngine.Rendering.RenderPipeline:InternalRender (UnityEngine.Rendering.ScriptableRenderContext,System.Collections.Generic.List`1<UnityEngine.Camera>)
UnityEngine.Rendering.RenderPipelineManager:DoRenderLoop_Internal (UnityEngine.Rendering.RenderPipelineAsset,intptr,System.Collections.Generic.List`1<UnityEngine.Camera/RenderRequest>,Unity.Collections.LowLevel.Unsafe.AtomicSafetyHandle)
UnityEditor.PreviewRenderUtility:Render (bool,bool)
UnityEditor.MaterialEditor:DoRenderPreview (UnityEditor.PreviewRenderUtility,bool)
UnityEditor.MaterialEditor:RenderStaticPreview (string,UnityEngine.Object[],int,int)
UnityEditor.AssetPreviewUpdater:CreatePreview (UnityEngine.Object,UnityEngine.Object[],string,int,int)
UnityEditor.AssetPreviewUpdater:CreatePreviewForAsset (UnityEngine.Object,UnityEngine.Object[],string)

[C:\buildslave\unity\build\Runtime\Graphics\RenderBufferManager.cpp line 180]

Trying to get RenderBuffer with invalid antiAliasing (must be at least 1)
UnityEngine.StackTraceUtility:ExtractStackTrace ()
UnityEngine.Rendering.ScriptableRenderContext:Submit_Internal ()
UnityEngine.Rendering.ScriptableRenderContext:Submit ()
UnityEngine.Rendering.Universal.UniversalRenderPipeline:RenderSingleCamera (UnityEngine.Rendering.ScriptableRenderContext,UnityEngine.Rendering.Universal.CameraData,bool) (at Library/PackageCache/com.unity.render-pipelines.universal@12.1.4/Runtime/UniversalRenderPipeline.cs:430)
UnityEngine.Rendering.Universal.UniversalRenderPipeline:RenderSingleCamera (UnityEngine.Rendering.ScriptableRenderContext,UnityEngine.Camera) (at Library/PackageCache/com.unity.render-pipelines.universal@12.1.4/Runtime/UniversalRenderPipeline.cs:323)
UnityEngine.Rendering.Universal.UniversalRenderPipeline:Render (UnityEngine.Rendering.ScriptableRenderContext,System.Collections.Generic.List`1<UnityEngine.Camera>) (at Library/PackageCache/com.unity.render-pipelines.universal@12.1.4/Runtime/UniversalRenderPipeline.cs:278)
UnityEngine.Rendering.RenderPipeline:InternalRender (UnityEngine.Rendering.ScriptableRenderContext,System.Collections.Generic.List`1<UnityEngine.Camera>)
UnityEngine.Rendering.RenderPipelineManager:DoRenderLoop_Internal (UnityEngine.Rendering.RenderPipelineAsset,intptr,System.Collections.Generic.List`1<UnityEngine.Camera/RenderRequest>,Unity.Collections.LowLevel.Unsafe.AtomicSafetyHandle)
UnityEditor.PreviewRenderUtility:Render (bool,bool)
UnityEditor.MaterialEditor:DoRenderPreview (UnityEditor.PreviewRenderUtility,bool)
UnityEditor.MaterialEditor:RenderStaticPreview (string,UnityEngine.Object[],int,int)
UnityEditor.AssetPreviewUpdater:CreatePreview (UnityEngine.Object,UnityEngine.Object[],string,int,int)
UnityEditor.AssetPreviewUpdater:CreatePreviewForAsset (UnityEngine.Object,UnityEngine.Object[],string)

[C:\buildslave\unity\build\Runtime\Graphics\RenderBufferManager.cpp line 180]

 -> (artifact id: '2ce9047d855cc07dfc3ad7e9a0a55c5f') in 0.229478 seconds 
========================================================================
Received Import Request.
  Time since last request: 0.000038 seconds.
  path: Assets/PolygonParticleFX/Materials/PolygonParticleFX_Flies.mat
  artifactKey: Guid(2ebe5f4397ab6f540a440c1b54e797bf) Importer(815301076,1909f56bfc062723c751e8b465ee728b)
Start importing Assets/PolygonParticleFX/Materials/PolygonParticleFX_Flies.mat using Guid(2ebe5f4397ab6f540a440c1b54e797bf) Importer(815301076,1909f56bfc062723c751e8b465ee728b)  -> (artifact id: 'e56701e64aa104aa174a054dd856fac3') in 1.293796 seconds 
========================================================================
Received Import Request.
  Time since last request: 0.000049 seconds.
  path: Assets/PolygonParticleFX/Materials/PolygonParticleFX_Ring_01.mat
  artifactKey: Guid(7eb97b17430c1564eb6b43614bfbf371) Importer(815301076,1909f56bfc062723c751e8b465ee728b)
Start importing Assets/PolygonParticleFX/Materials/PolygonParticleFX_Ring_01.mat using Guid(7eb97b17430c1564eb6b43614bfbf371) Importer(815301076,1909f56bfc062723c751e8b465ee728b)  -> (artifact id: '5ba70386e6bc37b8128dfe2f909ac7fd') in 0.015354 seconds 
========================================================================
Received Import Request.
  Time since last request: 0.000034 seconds.
  path: Assets/PolygonParticleFX/Materials/PolygonParticleFX_Emissive_Fire.mat
  artifactKey: Guid(b0921f44478f0f048a2a6c682c1bfb87) Importer(815301076,1909f56bfc062723c751e8b465ee728b)
Start importing Assets/PolygonParticleFX/Materials/PolygonParticleFX_Emissive_Fire.mat using Guid(b0921f44478f0f048a2a6c682c1bfb87) Importer(815301076,1909f56bfc062723c751e8b465ee728b)  -> (artifact id: 'e3eefb2fdc642d441bae5360c29a2279') in 1.165977 seconds 
========================================================================
Received Import Request.
  Time since last request: 0.000039 seconds.
  path: Assets/PolygonParticleFX/Materials/PolygonParticleFX_Blood.mat
  artifactKey: Guid(9efedd2a02a24ac479e285d244f6b34e) Importer(815301076,1909f56bfc062723c751e8b465ee728b)
Start importing Assets/PolygonParticleFX/Materials/PolygonParticleFX_Blood.mat using Guid(9efedd2a02a24ac479e285d244f6b34e) Importer(815301076,1909f56bfc062723c751e8b465ee728b)  -> (artifact id: '7a073125ce68269df65fa3c9247d00d0') in 0.016975 seconds 
========================================================================
Received Import Request.
  Time since last request: 0.000048 seconds.
  path: Assets/PolygonParticleFX/Materials/PolygonParticleFX_SemiCircle.mat
  artifactKey: Guid(65a599a464dcddd4bbad0dae75e567e6) Importer(815301076,1909f56bfc062723c751e8b465ee728b)
Start importing Assets/PolygonParticleFX/Materials/PolygonParticleFX_SemiCircle.mat using Guid(65a599a464dcddd4bbad0dae75e567e6) Importer(815301076,1909f56bfc062723c751e8b465ee728b)  -> (artifact id: '583babc4431224fd4b4ada6f5133f02d') in 0.045271 seconds 
========================================================================
Received Import Request.
  Time since last request: 0.000031 seconds.
  path: Assets/PolygonParticleFX/Materials/PolygonParticleFX_Material.mat
  artifactKey: Guid(49fa84335db088c4dafac40a4d0743db) Importer(815301076,1909f56bfc062723c751e8b465ee728b)
Start importing Assets/PolygonParticleFX/Materials/PolygonParticleFX_Material.mat using Guid(49fa84335db088c4dafac40a4d0743db) Importer(815301076,1909f56bfc062723c751e8b465ee728b)  -> (artifact id: 'e690c6d5f93fbebfc746aee84399e5e7') in 0.013567 seconds 
========================================================================
Received Import Request.
  Time since last request: 0.000032 seconds.
  path: Assets/PolygonParticleFX/Materials/PolygonParticleFX_Sparkle.mat
  artifactKey: Guid(2372c82814ea2ed41aed3d611d81953d) Importer(815301076,1909f56bfc062723c751e8b465ee728b)
Start importing Assets/PolygonParticleFX/Materials/PolygonParticleFX_Sparkle.mat using Guid(2372c82814ea2ed41aed3d611d81953d) Importer(815301076,1909f56bfc062723c751e8b465ee728b)  -> (artifact id: '7b799e58c4b3e6a349d27280046fe703') in 0.014046 seconds 
========================================================================
Received Import Request.
  Time since last request: 0.000034 seconds.
  path: Assets/PolygonParticleFX/Materials/PolygonParticleFX_Smoke_Mat_03.mat
  artifactKey: Guid(33acf48390ff3dd49bee5f8de43d6876) Importer(815301076,1909f56bfc062723c751e8b465ee728b)
Start importing Assets/PolygonParticleFX/Materials/PolygonParticleFX_Smoke_Mat_03.mat using Guid(33acf48390ff3dd49bee5f8de43d6876) Importer(815301076,1909f56bfc062723c751e8b465ee728b)  -> (artifact id: '0b8069d1fdfac50d80a55faa366e7ae9') in 1.070930 seconds 
========================================================================
Received Import Request.
  Time since last request: 0.000029 seconds.
  path: Assets/PolygonParticleFX/Materials/PolygonParticleFX_Fumes_01.mat
  artifactKey: Guid(4c5f13e6a6061214697a61fa94a0e19c) Importer(815301076,1909f56bfc062723c751e8b465ee728b)
Start importing Assets/PolygonParticleFX/Materials/PolygonParticleFX_Fumes_01.mat using Guid(4c5f13e6a6061214697a61fa94a0e19c) Importer(815301076,1909f56bfc062723c751e8b465ee728b)  -> (artifact id: '5940216d3779464742a331fc815ca5fc') in 0.015212 seconds 
========================================================================
Received Import Request.
  Time since last request: 0.000036 seconds.
  path: Assets/PolygonParticleFX/Materials/PolygonParticleFX_Rainbow_FX.mat
  artifactKey: Guid(11213bb280baa0a46871c22c5a1c21d0) Importer(815301076,1909f56bfc062723c751e8b465ee728b)
Start importing Assets/PolygonParticleFX/Materials/PolygonParticleFX_Rainbow_FX.mat using Guid(11213bb280baa0a46871c22c5a1c21d0) Importer(815301076,1909f56bfc062723c751e8b465ee728b)  -> (artifact id: 'bf6e1907be0597337481bf1c443eb7ee') in 0.018411 seconds 
========================================================================
Received Import Request.
  Time since last request: 0.000025 seconds.
  path: Assets/PolygonParticleFX/Materials/PolygonParticleFX_Fumes_02.mat
  artifactKey: Guid(10a8ddd34c118804ea1bfbcf936e1b7e) Importer(815301076,1909f56bfc062723c751e8b465ee728b)
Start importing Assets/PolygonParticleFX/Materials/PolygonParticleFX_Fumes_02.mat using Guid(10a8ddd34c118804ea1bfbcf936e1b7e) Importer(815301076,1909f56bfc062723c751e8b465ee728b)  -> (artifact id: '0585a51682cebf93e00c7ec994cdd1f7') in 0.038513 seconds 
========================================================================
Received Import Request.
  Time since last request: 0.000026 seconds.
  path: Assets/PolygonParticleFX/Materials/PolygonParticleFX_Hexagon.mat
  artifactKey: Guid(3e40f2795430a314da835c0b22a031c1) Importer(815301076,1909f56bfc062723c751e8b465ee728b)
Start importing Assets/PolygonParticleFX/Materials/PolygonParticleFX_Hexagon.mat using Guid(3e40f2795430a314da835c0b22a031c1) Importer(815301076,1909f56bfc062723c751e8b465ee728b)  -> (artifact id: '1b51f07316663999b2bb819f7b21d48b') in 0.016081 seconds 
========================================================================
Received Import Request.
  Time since last request: 0.000031 seconds.
  path: Assets/PolygonParticleFX/Materials/PolygonParticleFX_Texture.mat
  artifactKey: Guid(9e5dcdb827982cf4da4c2126c56d31ee) Importer(815301076,1909f56bfc062723c751e8b465ee728b)
Start importing Assets/PolygonParticleFX/Materials/PolygonParticleFX_Texture.mat using Guid(9e5dcdb827982cf4da4c2126c56d31ee) Importer(815301076,1909f56bfc062723c751e8b465ee728b)  -> (artifact id: '48212e240a9499d3246bd7010586320c') in 0.013782 seconds 
========================================================================
Received Import Request.
  Time since last request: 0.000037 seconds.
  path: Assets/PolygonParticleFX/Materials/PolygonParticleFX_SunBeam_Particles.png
  artifactKey: Guid(481a4bf8633827b4998c05ee4d9ff706) Importer(815301076,1909f56bfc062723c751e8b465ee728b)
Start importing Assets/PolygonParticleFX/Materials/PolygonParticleFX_SunBeam_Particles.png using Guid(481a4bf8633827b4998c05ee4d9ff706) Importer(815301076,1909f56bfc062723c751e8b465ee728b)  -> (artifact id: '5a25bfecb735b07af96e63b46a3055f8') in 0.024397 seconds 
========================================================================
Received Import Request.
  Time since last request: 0.000108 seconds.
  path: Assets/PolygonParticleFX/Materials/PolygonParticleFX_Bubble.mat
  artifactKey: Guid(331e0a6a99ab21f469cb8da0335a1312) Importer(815301076,1909f56bfc062723c751e8b465ee728b)
Start importing Assets/PolygonParticleFX/Materials/PolygonParticleFX_Bubble.mat using Guid(331e0a6a99ab21f469cb8da0335a1312) Importer(815301076,1909f56bfc062723c751e8b465ee728b)  -> (artifact id: 'ed6c59ecfdf11052479cb655b6f20e24') in 0.015171 seconds 
========================================================================
Received Import Request.
  Time since last request: 0.000037 seconds.
  path: Assets/PolygonParticleFX/Materials/PolygonParticleFX_VertexLitBlended_Dark.mat
  artifactKey: Guid(285b0791008c39844936e10062f85a3c) Importer(815301076,1909f56bfc062723c751e8b465ee728b)
Start importing Assets/PolygonParticleFX/Materials/PolygonParticleFX_VertexLitBlended_Dark.mat using Guid(285b0791008c39844936e10062f85a3c) Importer(815301076,1909f56bfc062723c751e8b465ee728b)  -> (artifact id: '2cad15fdeb5be987b383e7e55cd2d5a4') in 0.035902 seconds 
========================================================================
Received Import Request.
  Time since last request: 0.000032 seconds.
  path: Assets/PolygonParticleFX/Materials/PolygonParticleFX_Fumes.mat
  artifactKey: Guid(36fed2b2ce033b240899903fe04df57b) Importer(815301076,1909f56bfc062723c751e8b465ee728b)
Start importing Assets/PolygonParticleFX/Materials/PolygonParticleFX_Fumes.mat using Guid(36fed2b2ce033b240899903fe04df57b) Importer(815301076,1909f56bfc062723c751e8b465ee728b)  -> (artifact id: 'ffdefe752fd6e357df7c7018ea4d1900') in 0.017863 seconds 
========================================================================
Received Import Request.
  Time since last request: 0.000031 seconds.
  path: Assets/PolygonParticleFX/Materials/PolygonParticleFX_Cutout_Round_VertexLit.mat
  artifactKey: Guid(a56a6d4404bb5944c8e5a9bd16f2b31e) Importer(815301076,1909f56bfc062723c751e8b465ee728b)
Start importing Assets/PolygonParticleFX/Materials/PolygonParticleFX_Cutout_Round_VertexLit.mat using Guid(a56a6d4404bb5944c8e5a9bd16f2b31e) Importer(815301076,1909f56bfc062723c751e8b465ee728b)  -> (artifact id: '186aa656c811ae779bfe453db88115b9') in 0.014306 seconds 
========================================================================
Received Import Request.
  Time since last request: 27.094491 seconds.
  path: Assets/PolygonParticleFX/Textures/PolygonParticles_Wings_Grid.png
  artifactKey: Guid(5f9e461b624488b4e8132701494f4867) Importer(815301076,1909f56bfc062723c751e8b465ee728b)
Start importing Assets/PolygonParticleFX/Textures/PolygonParticles_Wings_Grid.png using Guid(5f9e461b624488b4e8132701494f4867) Importer(815301076,1909f56bfc062723c751e8b465ee728b)  -> (artifact id: 'c386a0cac6042c467cf770e94578d2d1') in 0.013631 seconds 
========================================================================
Received Import Request.
  Time since last request: 0.000032 seconds.
  path: Assets/Free Stylized Skybox/CubeMap/Textures/Sky_Anime_03_Day_a.png
  artifactKey: Guid(e3de3e8435d45a64fa4aa46634ced55a) Importer(815301076,1909f56bfc062723c751e8b465ee728b)
Start importing Assets/Free Stylized Skybox/CubeMap/Textures/Sky_Anime_03_Day_a.png using Guid(e3de3e8435d45a64fa4aa46634ced55a) Importer(815301076,1909f56bfc062723c751e8b465ee728b)  -> (artifact id: '6c438e21ed68980e7bb1ed809acb4715') in 0.363816 seconds 
========================================================================
Received Import Request.
  Time since last request: 0.000036 seconds.
  path: Assets/Free Stylized Skybox/Panoramic/Textures/Sky_Anime_03_Day_a.png
  artifactKey: Guid(f533b109bd941ea44b93a29274d4eef9) Importer(815301076,1909f56bfc062723c751e8b465ee728b)
Start importing Assets/Free Stylized Skybox/Panoramic/Textures/Sky_Anime_03_Day_a.png using Guid(f533b109bd941ea44b93a29274d4eef9) Importer(815301076,1909f56bfc062723c751e8b465ee728b)  -> (artifact id: '51c8bef0dad073659456d419e6df6e52') in 0.123561 seconds 
========================================================================
Received Import Request.
  Time since last request: 0.000046 seconds.
  path: Assets/StarterAssets/Mobile/UI/UI_Circle_Faded.png
  artifactKey: Guid(90ded0611e490aa4ba6961afbfc2280d) Importer(815301076,1909f56bfc062723c751e8b465ee728b)
Start importing Assets/StarterAssets/Mobile/UI/UI_Circle_Faded.png using Guid(90ded0611e490aa4ba6961afbfc2280d) Importer(815301076,1909f56bfc062723c751e8b465ee728b)  -> (artifact id: '6a0ae5c410eb2c7e1197fb0226c5b767') in 0.245479 seconds 
========================================================================
Received Import Request.
  Time since last request: 0.000045 seconds.
  path: Assets/Hovl Studio/Procedural fire/Textures/Smoke26.png
  artifactKey: Guid(08b3912bdc0a5ed4d9a27125425a97f4) Importer(815301076,1909f56bfc062723c751e8b465ee728b)
Start importing Assets/Hovl Studio/Procedural fire/Textures/Smoke26.png using Guid(08b3912bdc0a5ed4d9a27125425a97f4) Importer(815301076,1909f56bfc062723c751e8b465ee728b)  -> (artifact id: 'c40e9e017e7a22351a72c8ec512935be') in 0.018003 seconds 
========================================================================
Received Import Request.
  Time since last request: 0.000046 seconds.
  path: Assets/StarterAssets/FirstPersonController/Scenes/Playground/ReflectionProbe-0.exr
  artifactKey: Guid(ac547032e7ab2874b8b53ccbfec07526) Importer(815301076,1909f56bfc062723c751e8b465ee728b)
Start importing Assets/StarterAssets/FirstPersonController/Scenes/Playground/ReflectionProbe-0.exr using Guid(ac547032e7ab2874b8b53ccbfec07526) Importer(815301076,1909f56bfc062723c751e8b465ee728b)  -> (artifact id: 'ea658fef5ffaaa93c7a643179e882797') in 0.036967 seconds 
========================================================================
Received Import Request.
  Time since last request: 0.000038 seconds.
  path: Assets/StarterAssets/Mobile/UI/UI_Icon_Jump.png
  artifactKey: Guid(751aa1b6637101946b2fdbb7aa27d6ad) Importer(815301076,1909f56bfc062723c751e8b465ee728b)
Start importing Assets/StarterAssets/Mobile/UI/UI_Icon_Jump.png using Guid(751aa1b6637101946b2fdbb7aa27d6ad) Importer(815301076,1909f56bfc062723c751e8b465ee728b)  -> (artifact id: '7fd6d17862a0fdae7453d349ea1918c7') in 0.089636 seconds 
========================================================================
Received Import Request.
  Time since last request: 0.000033 seconds.
  path: Assets/StarterAssets/Mobile/UI/UI_Icon_Move.png
  artifactKey: Guid(ff7bfa7addf40784d86f62b8e4a034a6) Importer(815301076,1909f56bfc062723c751e8b465ee728b)
Start importing Assets/StarterAssets/Mobile/UI/UI_Icon_Move.png using Guid(ff7bfa7addf40784d86f62b8e4a034a6) Importer(815301076,1909f56bfc062723c751e8b465ee728b)  -> (artifact id: '3b21309cd504ac22781888edc5786e3e') in 0.063636 seconds 
========================================================================
Received Import Request.
  Time since last request: 6.531168 seconds.
  path: Assets/_Project/Models/Mei/Ice_Pillar/Textures/00000001C318.tif
  artifactKey: Guid(608906eaa9339e940a3f6e8bd64478a2) Importer(815301076,1909f56bfc062723c751e8b465ee728b)
Start importing Assets/_Project/Models/Mei/Ice_Pillar/Textures/00000001C318.tif using Guid(608906eaa9339e940a3f6e8bd64478a2) Importer(815301076,1909f56bfc062723c751e8b465ee728b)  -> (artifact id: '61740e963b610ab822a64a10dbf56a7c') in 0.018982 seconds 
========================================================================
Received Import Request.
  Time since last request: 0.000034 seconds.
  path: Assets/_Project/Models/Junkrat/Mine/Textures/mine_low1_lambert3_Roughness.png
  artifactKey: Guid(5b58741eb4704d0469985a44dd2651be) Importer(815301076,1909f56bfc062723c751e8b465ee728b)
Start importing Assets/_Project/Models/Junkrat/Mine/Textures/mine_low1_lambert3_Roughness.png using Guid(5b58741eb4704d0469985a44dd2651be) Importer(815301076,1909f56bfc062723c751e8b465ee728b)  -> (artifact id: '3d37a6367dc69b2ef703aa7d4497dc26') in 0.019017 seconds 
========================================================================
Received Import Request.
  Time since last request: 0.000030 seconds.
  path: Assets/_Project/Models/Mei/Ice_Pillar/Textures/00000001C554.tif
  artifactKey: Guid(e1333cab14f1b8a4588d6853fb801633) Importer(815301076,1909f56bfc062723c751e8b465ee728b)
Start importing Assets/_Project/Models/Mei/Ice_Pillar/Textures/00000001C554.tif using Guid(e1333cab14f1b8a4588d6853fb801633) Importer(815301076,1909f56bfc062723c751e8b465ee728b)  -> (artifact id: '832b5e78cbaa990291823e70ed3576e1') in 0.013204 seconds 
========================================================================
Received Import Request.
  Time since last request: 0.000024 seconds.
  path: Assets/TextMesh Pro/Resources/Fonts & Materials/LiberationSans SDF - Fallback.asset
  artifactKey: Guid(2e498d1c8094910479dc3e1b768306a4) Importer(815301076,1909f56bfc062723c751e8b465ee728b)
Start importing Assets/TextMesh Pro/Resources/Fonts & Materials/LiberationSans SDF - Fallback.asset using Guid(2e498d1c8094910479dc3e1b768306a4) Importer(815301076,1909f56bfc062723c751e8b465ee728b)  -> (artifact id: '770a5bee0a9e8e7371c7d8a4e665e9d1') in 0.036402 seconds 
========================================================================
Received Import Request.
  Time since last request: 0.000032 seconds.
  path: Assets/StarterAssets/Environment/Art/Textures/Grid_01_BaseMap.png
  artifactKey: Guid(d1118dda59970a2449ee890fa247c4c5) Importer(815301076,1909f56bfc062723c751e8b465ee728b)
Start importing Assets/StarterAssets/Environment/Art/Textures/Grid_01_BaseMap.png using Guid(d1118dda59970a2449ee890fa247c4c5) Importer(815301076,1909f56bfc062723c751e8b465ee728b)  -> (artifact id: '83a68d92207e3f8bccf203738ccb6000') in 0.012378 seconds 
========================================================================
Received Import Request.
  Time since last request: 0.000035 seconds.
  path: Assets/_Project/Models/Junkrat/GrenadeLauncher/Textures/AO2.png
  artifactKey: Guid(a766f055d8f20b440b5ea9fd566a8572) Importer(815301076,1909f56bfc062723c751e8b465ee728b)
Start importing Assets/_Project/Models/Junkrat/GrenadeLauncher/Textures/AO2.png using Guid(a766f055d8f20b440b5ea9fd566a8572) Importer(815301076,1909f56bfc062723c751e8b465ee728b)  -> (artifact id: 'e6d12f4291f21d0ae364c0591b7a29cf') in 0.016422 seconds 
========================================================================
Received Import Request.
  Time since last request: 0.000028 seconds.
  path: Assets/TextMesh Pro/Resources/Fonts & Materials/LiberationSans SDF.asset
  artifactKey: Guid(8f586378b4e144a9851e7b34d9b748ee) Importer(815301076,1909f56bfc062723c751e8b465ee728b)
Start importing Assets/TextMesh Pro/Resources/Fonts & Materials/LiberationSans SDF.asset using Guid(8f586378b4e144a9851e7b34d9b748ee) Importer(815301076,1909f56bfc062723c751e8b465ee728b)  -> (artifact id: '247f3537a2487b6daee51e05f993b89b') in 0.043033 seconds 
========================================================================
Received Import Request.
  Time since last request: 0.000030 seconds.
  path: Assets/StarterAssets/Environment/Art/Textures/Grid_01_Normal.png
  artifactKey: Guid(c5c221ed57a3bf6488f8eba0db28a004) Importer(815301076,1909f56bfc062723c751e8b465ee728b)
Start importing Assets/StarterAssets/Environment/Art/Textures/Grid_01_Normal.png using Guid(c5c221ed57a3bf6488f8eba0db28a004) Importer(815301076,1909f56bfc062723c751e8b465ee728b)  -> (artifact id: '59f0b4c92e3f33ac1487ebc70b5e5505') in 0.016962 seconds 
========================================================================
Received Import Request.
  Time since last request: 0.000025 seconds.
  path: Assets/_Project/Models/Junkrat/Mine/Textures/mine_low1_lambert3_Normal.png
  artifactKey: Guid(03e0e2171fb814f4ea65188468db82ac) Importer(815301076,1909f56bfc062723c751e8b465ee728b)
Start importing Assets/_Project/Models/Junkrat/Mine/Textures/mine_low1_lambert3_Normal.png using Guid(03e0e2171fb814f4ea65188468db82ac) Importer(815301076,1909f56bfc062723c751e8b465ee728b)  -> (artifact id: '55086accf8d6ecd0f262f95ec7996856') in 0.019468 seconds 
========================================================================
Received Import Request.
  Time since last request: 0.000031 seconds.
  path: Assets/_Project/Models/Junkrat/GrenadeLauncher/Textures/Grenade_Launcher_Metallic.png
  artifactKey: Guid(2f9d5b1f1a9c3f3479f6e657a73e37b6) Importer(815301076,1909f56bfc062723c751e8b465ee728b)
Start importing Assets/_Project/Models/Junkrat/GrenadeLauncher/Textures/Grenade_Launcher_Metallic.png using Guid(2f9d5b1f1a9c3f3479f6e657a73e37b6) Importer(815301076,1909f56bfc062723c751e8b465ee728b)  -> (artifact id: 'ef0e67ad7f50b7c9428787ee08645696') in 0.017084 seconds 
========================================================================
Received Import Request.
  Time since last request: 0.000040 seconds.
  path: Assets/_Project/Models/Junkrat/GrenadeLauncher/Textures/Grenade_Launcher_Normals_(OpenGL).png
  artifactKey: Guid(cfb68b6474d6af949b114aebcaa1cef1) Importer(815301076,1909f56bfc062723c751e8b465ee728b)
Start importing Assets/_Project/Models/Junkrat/GrenadeLauncher/Textures/Grenade_Launcher_Normals_(OpenGL).png using Guid(cfb68b6474d6af949b114aebcaa1cef1) Importer(815301076,1909f56bfc062723c751e8b465ee728b)  -> (artifact id: '25baae879b1720c74cf3a58396ccb668') in 0.017664 seconds 
========================================================================
Received Import Request.
  Time since last request: 0.000025 seconds.
  path: Assets/TextMesh Pro/Sprites/EmojiOne.png
  artifactKey: Guid(dffef66376be4fa480fb02b19edbe903) Importer(815301076,1909f56bfc062723c751e8b465ee728b)
Start importing Assets/TextMesh Pro/Sprites/EmojiOne.png using Guid(dffef66376be4fa480fb02b19edbe903) Importer(815301076,1909f56bfc062723c751e8b465ee728b)  -> (artifact id: '8325b594d28f09571f360838b7dd834c') in 0.012417 seconds 
========================================================================
Received Import Request.
  Time since last request: 0.000044 seconds.
  path: Assets/_Project/Models/Junkrat/Mine/Textures/mine_low1_lambert3_Emissive.png
  artifactKey: Guid(ccf9dc253c489d04a8ced07c9b05d107) Importer(815301076,1909f56bfc062723c751e8b465ee728b)
Start importing Assets/_Project/Models/Junkrat/Mine/Textures/mine_low1_lambert3_Emissive.png using Guid(ccf9dc253c489d04a8ced07c9b05d107) Importer(815301076,1909f56bfc062723c751e8b465ee728b)  -> (artifact id: '84094c378a80518ab02b7fecd505442c') in 0.015683 seconds 
========================================================================
Received Import Request.
  Time since last request: 0.000036 seconds.
  path: Assets/_Project/Models/Mei/Ice_Pillar/Textures/00000001C319.tif
  artifactKey: Guid(fe7ead499c71c7741b45bb93958329ee) Importer(815301076,1909f56bfc062723c751e8b465ee728b)
Start importing Assets/_Project/Models/Mei/Ice_Pillar/Textures/00000001C319.tif using Guid(fe7ead499c71c7741b45bb93958329ee) Importer(815301076,1909f56bfc062723c751e8b465ee728b)  -> (artifact id: 'bb9ac276cefbd3eef781f645445fc7e9') in 0.014274 seconds 
========================================================================
Received Import Request.
  Time since last request: 0.000039 seconds.
  path: Assets/_Project/Textures/Ability_Countdown_Icon.png
  artifactKey: Guid(bf37befa3fa44d54d9b59845e7add928) Importer(815301076,1909f56bfc062723c751e8b465ee728b)
Start importing Assets/_Project/Textures/Ability_Countdown_Icon.png using Guid(bf37befa3fa44d54d9b59845e7add928) Importer(815301076,1909f56bfc062723c751e8b465ee728b)  -> (artifact id: '883216e60fe9d5db713900b2e605c395') in 0.023342 seconds 
========================================================================
Received Import Request.
  Time since last request: 0.000028 seconds.
  path: Assets/_Project/Models/Junkrat/GrenadeLauncher/Textures/Grenade_Launcher_Base_Color_Corrected.png
  artifactKey: Guid(bff99f8ce3e955e448cdd30ef47d1e23) Importer(815301076,1909f56bfc062723c751e8b465ee728b)
Start importing Assets/_Project/Models/Junkrat/GrenadeLauncher/Textures/Grenade_Launcher_Base_Color_Corrected.png using Guid(bff99f8ce3e955e448cdd30ef47d1e23) Importer(815301076,1909f56bfc062723c751e8b465ee728b)  -> (artifact id: '3e50bdf8134399141afaff859adb0b7d') in 0.017044 seconds 
========================================================================
Received Import Request.
  Time since last request: 0.000031 seconds.
  path: Assets/StarterAssets/Environment/Art/Textures/Grid_02_BaseMap.png
  artifactKey: Guid(d9c0dd5cdac07b145be73329e489869a) Importer(815301076,1909f56bfc062723c751e8b465ee728b)
Start importing Assets/StarterAssets/Environment/Art/Textures/Grid_02_BaseMap.png using Guid(d9c0dd5cdac07b145be73329e489869a) Importer(815301076,1909f56bfc062723c751e8b465ee728b)  -> (artifact id: '7c9608f9a64b47f41f62db9f944690b2') in 0.015322 seconds 
========================================================================
Received Import Request.
  Time since last request: 0.000042 seconds.
  path: Assets/_Project/Mei/Textures/CryoFreeze_Icon_Mei.tif
  artifactKey: Guid(2de24c15e00ab5a4589bd3d47db7dd7d) Importer(815301076,1909f56bfc062723c751e8b465ee728b)
Start importing Assets/_Project/Mei/Textures/CryoFreeze_Icon_Mei.tif using Guid(2de24c15e00ab5a4589bd3d47db7dd7d) Importer(815301076,1909f56bfc062723c751e8b465ee728b)  -> (artifact id: '564db40639c667d8f30bf855ff7dc9be') in 0.020488 seconds 
========================================================================
Received Import Request.
  Time since last request: 177.002453 seconds.
  path: Assets/PolygonParticleFX/Textures/PolygonParticles_Circle_02.png
  artifactKey: Guid(3b8dc5e143e5ce748bbbb8cca21399cf) Importer(815301076,1909f56bfc062723c751e8b465ee728b)
Start importing Assets/PolygonParticleFX/Textures/PolygonParticles_Circle_02.png using Guid(3b8dc5e143e5ce748bbbb8cca21399cf) Importer(815301076,1909f56bfc062723c751e8b465ee728b)  -> (artifact id: '2497a65345069ac52cbda2ce6d929fe2') in 0.012665 seconds 
========================================================================
Received Import Request.
  Time since last request: 0.000029 seconds.
  path: Assets/PolygonParticleFX/Textures/PolygonParticles_Swipe_01.png
  artifactKey: Guid(ce1c15ae60b1d1147a4c121b6c97d6b2) Importer(815301076,1909f56bfc062723c751e8b465ee728b)
Start importing Assets/PolygonParticleFX/Textures/PolygonParticles_Swipe_01.png using Guid(ce1c15ae60b1d1147a4c121b6c97d6b2) Importer(815301076,1909f56bfc062723c751e8b465ee728b)  -> (artifact id: 'e1569e913200ef53b545d18ef8d092bd') in 0.012666 seconds 
========================================================================
Received Import Request.
  Time since last request: 0.000037 seconds.
  path: Assets/PolygonParticleFX/Textures/PolygonParticles_GroundBreak.png
  artifactKey: Guid(b42eef5c44cfeff449e52cd481203575) Importer(815301076,1909f56bfc062723c751e8b465ee728b)
Start importing Assets/PolygonParticleFX/Textures/PolygonParticles_GroundBreak.png using Guid(b42eef5c44cfeff449e52cd481203575) Importer(815301076,1909f56bfc062723c751e8b465ee728b)  -> (artifact id: 'eb70564d9994965a43546b7cfb91e4eb') in 0.013392 seconds 
========================================================================
Received Import Request.
  Time since last request: 0.000027 seconds.
  path: Assets/PolygonParticleFX/Textures/PolygonParticles_HalfCircle.png
  artifactKey: Guid(ce52a7627f791234aa84f247915ff610) Importer(815301076,1909f56bfc062723c751e8b465ee728b)
Start importing Assets/PolygonParticleFX/Textures/PolygonParticles_HalfCircle.png using Guid(ce52a7627f791234aa84f247915ff610) Importer(815301076,1909f56bfc062723c751e8b465ee728b)  -> (artifact id: '6d24c6b3f72466528da4ed66fca15df9') in 0.010658 seconds 
========================================================================
Received Import Request.
  Time since last request: 0.000033 seconds.
  path: Assets/PolygonParticleFX/Textures/PolygonParticles_Soft_Spot.png
  artifactKey: Guid(d5170007006368747b4faea8550619cf) Importer(815301076,1909f56bfc062723c751e8b465ee728b)
Start importing Assets/PolygonParticleFX/Textures/PolygonParticles_Soft_Spot.png using Guid(d5170007006368747b4faea8550619cf) Importer(815301076,1909f56bfc062723c751e8b465ee728b)  -> (artifact id: 'ae163ae8daffaeaa71d9f935f1f63edf') in 0.010920 seconds 
========================================================================
Received Import Request.
  Time since last request: 0.000027 seconds.
  path: Assets/PolygonParticleFX/Textures/PolygonParticles_Swipe_02.png
  artifactKey: Guid(a9a7424a52149bb4b84da7a71341f1df) Importer(815301076,1909f56bfc062723c751e8b465ee728b)
Start importing Assets/PolygonParticleFX/Textures/PolygonParticles_Swipe_02.png using Guid(a9a7424a52149bb4b84da7a71341f1df) Importer(815301076,1909f56bfc062723c751e8b465ee728b)  -> (artifact id: 'd372c64a0635eeb4cb177701c7037a1a') in 0.012054 seconds 
========================================================================
Received Import Request.
  Time since last request: 0.000035 seconds.
  path: Assets/PolygonParticleFX/Textures/PolygonParticles_Fumes_02.png
  artifactKey: Guid(35fe97dffff1d60489cad17aa767c885) Importer(815301076,1909f56bfc062723c751e8b465ee728b)
Start importing Assets/PolygonParticleFX/Textures/PolygonParticles_Fumes_02.png using Guid(35fe97dffff1d60489cad17aa767c885) Importer(815301076,1909f56bfc062723c751e8b465ee728b)  -> (artifact id: 'edb374279e6734ff570b6ddb1738d42f') in 0.012988 seconds 
========================================================================
Received Import Request.
  Time since last request: 0.000032 seconds.
  path: Assets/PolygonParticleFX/Textures/PolygonParticles_Lightning_02.png
  artifactKey: Guid(b1351c11dea42f845af85e73da6579f6) Importer(815301076,1909f56bfc062723c751e8b465ee728b)
Start importing Assets/PolygonParticleFX/Textures/PolygonParticles_Lightning_02.png using Guid(b1351c11dea42f845af85e73da6579f6) Importer(815301076,1909f56bfc062723c751e8b465ee728b)  -> (artifact id: '3c55a035b84b8d992f5705473680fac4') in 0.011792 seconds 
========================================================================
Received Import Request.
  Time since last request: 0.000055 seconds.
  path: Assets/PolygonParticleFX/Textures/PolygonParticles_Sparkle.png
  artifactKey: Guid(3ccce67bd48bfcd459a2ef0393fdf83e) Importer(815301076,1909f56bfc062723c751e8b465ee728b)
Start importing Assets/PolygonParticleFX/Textures/PolygonParticles_Sparkle.png using Guid(3ccce67bd48bfcd459a2ef0393fdf83e) Importer(815301076,1909f56bfc062723c751e8b465ee728b)  -> (artifact id: '57d2796f189a2da5d43d65eee10f0806') in 0.010567 seconds 
========================================================================
Received Import Request.
  Time since last request: 0.000025 seconds.
  path: Assets/PolygonParticleFX/Textures/PolygonParticles_Ring_02.png
  artifactKey: Guid(d22dd282ce7c3874d954fa2e7893991b) Importer(815301076,1909f56bfc062723c751e8b465ee728b)
Start importing Assets/PolygonParticleFX/Textures/PolygonParticles_Ring_02.png using Guid(d22dd282ce7c3874d954fa2e7893991b) Importer(815301076,1909f56bfc062723c751e8b465ee728b)  -> (artifact id: '808f913f2a474b691de7d2b1d3cc1944') in 0.010202 seconds 
========================================================================
Received Import Request.
  Time since last request: 0.000023 seconds.
  path: Assets/PolygonParticleFX/Textures/PolygonParticles_Shell_01.png
  artifactKey: Guid(2458a5e8960caf942b6e5fdee34bcdf9) Importer(815301076,1909f56bfc062723c751e8b465ee728b)
Start importing Assets/PolygonParticleFX/Textures/PolygonParticles_Shell_01.png using Guid(2458a5e8960caf942b6e5fdee34bcdf9) Importer(815301076,1909f56bfc062723c751e8b465ee728b)  -> (artifact id: '7b2f662ef21b68e21e07c0121bc54df7') in 0.010947 seconds 
========================================================================
Received Import Request.
  Time since last request: 1.470968 seconds.
  path: Assets/PolygonParticleFX/Textures/PolygonParticles_Bubble_02.png
  artifactKey: Guid(6c7a37c6766adfc4fac5dffdb14284f4) Importer(815301076,1909f56bfc062723c751e8b465ee728b)
Start importing Assets/PolygonParticleFX/Textures/PolygonParticles_Bubble_02.png using Guid(6c7a37c6766adfc4fac5dffdb14284f4) Importer(815301076,1909f56bfc062723c751e8b465ee728b)  -> (artifact id: '4e4e97b1204d34fed495a3ffe3cb1f27') in 0.012532 seconds 
========================================================================
Received Import Request.
  Time since last request: 7.108316 seconds.
  path: Assets/_Project/Textures/NumberTwo_Icon.png
  artifactKey: Guid(bf8f4d58e5efdd04c88e7225359651e2) Importer(815301076,1909f56bfc062723c751e8b465ee728b)
Start importing Assets/_Project/Textures/NumberTwo_Icon.png using Guid(bf8f4d58e5efdd04c88e7225359651e2) Importer(815301076,1909f56bfc062723c751e8b465ee728b)  -> (artifact id: '85f55bffa38d89b5ceb54e1ea9ab92a7') in 0.019809 seconds 
========================================================================
Received Prepare
Registering precompiled user dll's ...
Registered in 0.006746 seconds.
Begin MonoManager ReloadAssembly
Native extension for WindowsStandalone target not found
Refreshing native plugins compatible for Editor in 3.17 ms, found 2 plugins.
Preloading 0 native plugins for Editor in 0.00 ms.
Mono: successfully reloaded assembly
- Completed reload, in  2.142 seconds
Domain Reload Profiling:
	ReloadAssembly (2143ms)
		BeginReloadAssembly (161ms)
			ExecutionOrderSort (0ms)
			DisableScriptedObjects (8ms)
			BackupInstance (0ms)
			ReleaseScriptingObjects (0ms)
			CreateAndSetChildDomain (46ms)
		EndReloadAssembly (1871ms)
			LoadAssemblies (94ms)
			RebuildTransferFunctionScriptingTraits (0ms)
			SetupTypeCache (248ms)
			ReleaseScriptCaches (2ms)
			RebuildScriptCaches (70ms)
			SetupLoadedEditorAssemblies (768ms)
				LogAssemblyErrors (0ms)
				InitializePlatformSupportModulesInManaged (20ms)
				SetLoadedEditorAssemblies (1ms)
				RefreshPlugins (4ms)
				BeforeProcessingInitializeOnLoad (115ms)
				ProcessInitializeOnLoadAttributes (527ms)
				ProcessInitializeOnLoadMethodAttributes (87ms)
				AfterProcessingInitializeOnLoad (13ms)
				EditorAssembliesLoaded (0ms)
			ExecutionOrderSort2 (0ms)
			AwakeInstancesAfterBackupRestoration (28ms)
Platform modules already initialized, skipping
Refreshing native plugins compatible for Editor in 1.17 ms, found 2 plugins.
Preloading 0 native plugins for Editor in 0.00 ms.
Unloading 4285 Unused Serialized files (Serialized files now loaded: 0)
Unloading 25 unused Assets / (1.1 MB). Loaded Objects now: 5808.
Memory consumption went from 375.8 MB to 374.6 MB.
Total: 5.265200 ms (FindLiveObjects: 0.643400 ms CreateObjectMapping: 0.177700 ms MarkObjects: 4.208400 ms  DeleteObjects: 0.233900 ms)

AssetImportParameters requested are different than current active one (requested -> active):
  custom:video-decoder-ogg-theora: a1e56fd34408186e4bbccfd4996cb3dc -> 
  custom:container-muxer-webm: aa71ff27fc2769a1b78a27578f13a17b -> 
  custom:container-demuxer-webm: 4f35f7cbe854078d1ac9338744f61a02 -> 
  custom:video-encoder-webm-vp8: eb34c28f22e8b96e1ab97ce403110664 -> 
  custom:audio-encoder-webm-vorbis: bf7c407c2cedff20999df2af8eb42d56 -> 
  custom:framework-win-MediaFoundation: 216162199b28c13a410421893ffa2e32 -> 
  custom:container-demuxer-ogg: 62fdf1f143b41e24485cea50d1cbac27 -> 
  custom:video-decoder-webm-vp8: 9c59270c3fd7afecdb556c50c9e8de78 -> 
  custom:audio-decoder-ogg-vorbis: bf7c407c2cedff20999df2af8eb42d56 -> 
========================================================================
Received Prepare
Registering precompiled user dll's ...
Registered in 0.007128 seconds.
Begin MonoManager ReloadAssembly
Native extension for WindowsStandalone target not found
Refreshing native plugins compatible for Editor in 1.51 ms, found 2 plugins.
Preloading 0 native plugins for Editor in 0.00 ms.
Mono: successfully reloaded assembly
- Completed reload, in  1.817 seconds
Domain Reload Profiling:
	ReloadAssembly (1818ms)
		BeginReloadAssembly (156ms)
			ExecutionOrderSort (0ms)
			DisableScriptedObjects (10ms)
			BackupInstance (0ms)
			ReleaseScriptingObjects (0ms)
			CreateAndSetChildDomain (45ms)
		EndReloadAssembly (1559ms)
			LoadAssemblies (254ms)
			RebuildTransferFunctionScriptingTraits (0ms)
			SetupTypeCache (280ms)
			ReleaseScriptCaches (3ms)
			RebuildScriptCaches (88ms)
			SetupLoadedEditorAssemblies (817ms)
				LogAssemblyErrors (0ms)
				InitializePlatformSupportModulesInManaged (16ms)
				SetLoadedEditorAssemblies (1ms)
				RefreshPlugins (2ms)
				BeforeProcessingInitializeOnLoad (106ms)
				ProcessInitializeOnLoadAttributes (566ms)
				ProcessInitializeOnLoadMethodAttributes (109ms)
				AfterProcessingInitializeOnLoad (17ms)
				EditorAssembliesLoaded (0ms)
			ExecutionOrderSort2 (0ms)
			AwakeInstancesAfterBackupRestoration (34ms)
Platform modules already initialized, skipping
Refreshing native plugins compatible for Editor in 1.35 ms, found 2 plugins.
Preloading 0 native plugins for Editor in 0.00 ms.
Unloading 4245 Unused Serialized files (Serialized files now loaded: 0)
Unloading 25 unused Assets / (1.1 MB). Loaded Objects now: 5822.
Memory consumption went from 372.1 MB to 370.9 MB.
Total: 7.962000 ms (FindLiveObjects: 0.860400 ms CreateObjectMapping: 0.264600 ms MarkObjects: 6.495400 ms  DeleteObjects: 0.340000 ms)

AssetImportParameters requested are different than current active one (requested -> active):
  custom:video-decoder-ogg-theora: a1e56fd34408186e4bbccfd4996cb3dc -> 
  custom:container-muxer-webm: aa71ff27fc2769a1b78a27578f13a17b -> 
  custom:container-demuxer-webm: 4f35f7cbe854078d1ac9338744f61a02 -> 
  custom:video-encoder-webm-vp8: eb34c28f22e8b96e1ab97ce403110664 -> 
  custom:audio-encoder-webm-vorbis: bf7c407c2cedff20999df2af8eb42d56 -> 
  custom:framework-win-MediaFoundation: 216162199b28c13a410421893ffa2e32 -> 
  custom:container-demuxer-ogg: 62fdf1f143b41e24485cea50d1cbac27 -> 
  custom:video-decoder-webm-vp8: 9c59270c3fd7afecdb556c50c9e8de78 -> 
  custom:audio-decoder-ogg-vorbis: bf7c407c2cedff20999df2af8eb42d56 -> 
========================================================================
Received Import Request.
  Time since last request: 416.243140 seconds.
  path: Packages/com.unity.render-pipelines.universal/Runtime/Materials/ParticlesUnlit.mat
  artifactKey: Guid(e823cd5b5d27c0f4b8256e7c12ee3e6d) Importer(815301076,1909f56bfc062723c751e8b465ee728b)
Start importing Packages/com.unity.render-pipelines.universal/Runtime/Materials/ParticlesUnlit.mat using Guid(e823cd5b5d27c0f4b8256e7c12ee3e6d) Importer(815301076,1909f56bfc062723c751e8b465ee728b) Trying to get RenderBuffer with invalid antiAliasing (must be at least 1)
UnityEngine.StackTraceUtility:ExtractStackTrace ()
UnityEngine.Rendering.ScriptableRenderContext:Submit_Internal ()
UnityEngine.Rendering.ScriptableRenderContext:Submit ()
UnityEngine.Rendering.Universal.UniversalRenderPipeline:RenderSingleCamera (UnityEngine.Rendering.ScriptableRenderContext,UnityEngine.Rendering.Universal.CameraData,bool) (at Library/PackageCache/com.unity.render-pipelines.universal@12.1.4/Runtime/UniversalRenderPipeline.cs:430)
UnityEngine.Rendering.Universal.UniversalRenderPipeline:RenderSingleCamera (UnityEngine.Rendering.ScriptableRenderContext,UnityEngine.Camera) (at Library/PackageCache/com.unity.render-pipelines.universal@12.1.4/Runtime/UniversalRenderPipeline.cs:323)
UnityEngine.Rendering.Universal.UniversalRenderPipeline:Render (UnityEngine.Rendering.ScriptableRenderContext,System.Collections.Generic.List`1<UnityEngine.Camera>) (at Library/PackageCache/com.unity.render-pipelines.universal@12.1.4/Runtime/UniversalRenderPipeline.cs:278)
UnityEngine.Rendering.RenderPipeline:InternalRender (UnityEngine.Rendering.ScriptableRenderContext,System.Collections.Generic.List`1<UnityEngine.Camera>)
UnityEngine.Rendering.RenderPipelineManager:DoRenderLoop_Internal (UnityEngine.Rendering.RenderPipelineAsset,intptr,System.Collections.Generic.List`1<UnityEngine.Camera/RenderRequest>,Unity.Collections.LowLevel.Unsafe.AtomicSafetyHandle)
UnityEditor.PreviewRenderUtility:Render (bool,bool)
UnityEditor.MaterialEditor:DoRenderPreview (UnityEditor.PreviewRenderUtility,bool)
UnityEditor.MaterialEditor:RenderStaticPreview (string,UnityEngine.Object[],int,int)
UnityEditor.AssetPreviewUpdater:CreatePreview (UnityEngine.Object,UnityEngine.Object[],string,int,int)
UnityEditor.AssetPreviewUpdater:CreatePreviewForAsset (UnityEngine.Object,UnityEngine.Object[],string)

[C:\buildslave\unity\build\Runtime\Graphics\RenderBufferManager.cpp line 180]

Trying to get RenderBuffer with invalid antiAliasing (must be at least 1)
UnityEngine.StackTraceUtility:ExtractStackTrace ()
UnityEngine.Rendering.ScriptableRenderContext:Submit_Internal ()
UnityEngine.Rendering.ScriptableRenderContext:Submit ()
UnityEngine.Rendering.Universal.UniversalRenderPipeline:RenderSingleCamera (UnityEngine.Rendering.ScriptableRenderContext,UnityEngine.Rendering.Universal.CameraData,bool) (at Library/PackageCache/com.unity.render-pipelines.universal@12.1.4/Runtime/UniversalRenderPipeline.cs:430)
UnityEngine.Rendering.Universal.UniversalRenderPipeline:RenderSingleCamera (UnityEngine.Rendering.ScriptableRenderContext,UnityEngine.Camera) (at Library/PackageCache/com.unity.render-pipelines.universal@12.1.4/Runtime/UniversalRenderPipeline.cs:323)
UnityEngine.Rendering.Universal.UniversalRenderPipeline:Render (UnityEngine.Rendering.ScriptableRenderContext,System.Collections.Generic.List`1<UnityEngine.Camera>) (at Library/PackageCache/com.unity.render-pipelines.universal@12.1.4/Runtime/UniversalRenderPipeline.cs:278)
UnityEngine.Rendering.RenderPipeline:InternalRender (UnityEngine.Rendering.ScriptableRenderContext,System.Collections.Generic.List`1<UnityEngine.Camera>)
UnityEngine.Rendering.RenderPipelineManager:DoRenderLoop_Internal (UnityEngine.Rendering.RenderPipelineAsset,intptr,System.Collections.Generic.List`1<UnityEngine.Camera/RenderRequest>,Unity.Collections.LowLevel.Unsafe.AtomicSafetyHandle)
UnityEditor.PreviewRenderUtility:Render (bool,bool)
UnityEditor.MaterialEditor:DoRenderPreview (UnityEditor.PreviewRenderUtility,bool)
UnityEditor.MaterialEditor:RenderStaticPreview (string,UnityEngine.Object[],int,int)
UnityEditor.AssetPreviewUpdater:CreatePreview (UnityEngine.Object,UnityEngine.Object[],string,int,int)
UnityEditor.AssetPreviewUpdater:CreatePreviewForAsset (UnityEngine.Object,UnityEngine.Object[],string)

[C:\buildslave\unity\build\Runtime\Graphics\RenderBufferManager.cpp line 180]

 -> (artifact id: '23a87cc0eee7546a9d848ae32b291592') in 0.682935 seconds 
========================================================================
Received Prepare
Registering precompiled user dll's ...
Registered in 0.007088 seconds.
Begin MonoManager ReloadAssembly
Native extension for WindowsStandalone target not found
Refreshing native plugins compatible for Editor in 0.80 ms, found 2 plugins.
Preloading 0 native plugins for Editor in 0.00 ms.
Mono: successfully reloaded assembly
- Completed reload, in  1.573 seconds
Domain Reload Profiling:
	ReloadAssembly (1574ms)
		BeginReloadAssembly (222ms)
			ExecutionOrderSort (0ms)
			DisableScriptedObjects (23ms)
			BackupInstance (0ms)
			ReleaseScriptingObjects (0ms)
			CreateAndSetChildDomain (83ms)
		EndReloadAssembly (1243ms)
			LoadAssemblies (102ms)
			RebuildTransferFunctionScriptingTraits (0ms)
			SetupTypeCache (291ms)
			ReleaseScriptCaches (3ms)
			RebuildScriptCaches (73ms)
			SetupLoadedEditorAssemblies (680ms)
				LogAssemblyErrors (0ms)
				InitializePlatformSupportModulesInManaged (14ms)
				SetLoadedEditorAssemblies (1ms)
				RefreshPlugins (1ms)
				BeforeProcessingInitializeOnLoad (88ms)
				ProcessInitializeOnLoadAttributes (484ms)
				ProcessInitializeOnLoadMethodAttributes (83ms)
				AfterProcessingInitializeOnLoad (9ms)
				EditorAssembliesLoaded (0ms)
			ExecutionOrderSort2 (0ms)
			AwakeInstancesAfterBackupRestoration (36ms)
Platform modules already initialized, skipping
Refreshing native plugins compatible for Editor in 0.86 ms, found 2 plugins.
Preloading 0 native plugins for Editor in 0.00 ms.
Unloading 4246 Unused Serialized files (Serialized files now loaded: 0)
Unloading 25 unused Assets / (1.1 MB). Loaded Objects now: 5877.
Memory consumption went from 372.2 MB to 371.1 MB.
Total: 4.991900 ms (FindLiveObjects: 0.526600 ms CreateObjectMapping: 0.124000 ms MarkObjects: 3.813100 ms  DeleteObjects: 0.527000 ms)

AssetImportParameters requested are different than current active one (requested -> active):
  custom:video-decoder-ogg-theora: a1e56fd34408186e4bbccfd4996cb3dc -> 
  custom:container-muxer-webm: aa71ff27fc2769a1b78a27578f13a17b -> 
  custom:container-demuxer-webm: 4f35f7cbe854078d1ac9338744f61a02 -> 
  custom:video-encoder-webm-vp8: eb34c28f22e8b96e1ab97ce403110664 -> 
  custom:audio-encoder-webm-vorbis: bf7c407c2cedff20999df2af8eb42d56 -> 
  custom:framework-win-MediaFoundation: 216162199b28c13a410421893ffa2e32 -> 
  custom:container-demuxer-ogg: 62fdf1f143b41e24485cea50d1cbac27 -> 
  custom:video-decoder-webm-vp8: 9c59270c3fd7afecdb556c50c9e8de78 -> 
  custom:audio-decoder-ogg-vorbis: bf7c407c2cedff20999df2af8eb42d56 -> 
